2020-10-04 13:54:08,262 INFO o.s.b.StartupInfoLogger:50 [main] Starting MainApplication on msi_ducpt with PID 18312 (F:\Project\AirConsole\Developer\S-JAVA-WM_CMS\target\classes started by MSI in F:\Project\AirConsole\Developer\S-JAVA-WM_CMS)
2020-10-04 13:54:08,265 INFO o.s.b.SpringApplication:647 [main] No active profile set, falling back to default profiles: default
2020-10-04 13:54:09,997 INFO o.s.d.r.c.RepositoryConfigurationDelegate:126 [main] Bootstrapping Spring Data repositories in DEFAULT mode.
2020-10-04 13:54:10,079 INFO o.s.d.r.c.RepositoryConfigurationDelegate:182 [main] Finished Spring Data repository scanning in 76ms. Found 2 repository interfaces.
2020-10-04 13:54:10,415 INFO o.s.c.s.PostProcessorRegistrationDelegate$BeanPostProcessorChecker:330 [main] Bean 'org.springframework.transaction.annotation.ProxyTransactionManagementConfiguration' of type [org.springframework.transaction.annotation.ProxyTransactionManagementConfiguration$$EnhancerBySpringCGLIB$$2bf53fee] is not eligible for getting processed by all BeanPostProcessors (for example: not eligible for auto-proxying)
2020-10-04 13:54:10,451 INFO o.s.c.s.PostProcessorRegistrationDelegate$BeanPostProcessorChecker:330 [main] Bean 'org.springframework.security.config.annotation.configuration.ObjectPostProcessorConfiguration' of type [org.springframework.security.config.annotation.configuration.ObjectPostProcessorConfiguration$$EnhancerBySpringCGLIB$$c4a30828] is not eligible for getting processed by all BeanPostProcessors (for example: not eligible for auto-proxying)
2020-10-04 13:54:10,456 INFO o.s.c.s.PostProcessorRegistrationDelegate$BeanPostProcessorChecker:330 [main] Bean 'objectPostProcessor' of type [org.springframework.security.config.annotation.configuration.AutowireBeanFactoryObjectPostProcessor] is not eligible for getting processed by all BeanPostProcessors (for example: not eligible for auto-proxying)
2020-10-04 13:54:10,459 INFO o.s.c.s.PostProcessorRegistrationDelegate$BeanPostProcessorChecker:330 [main] Bean 'org.springframework.security.access.expression.method.DefaultMethodSecurityExpressionHandler@2a369e14' of type [org.springframework.security.access.expression.method.DefaultMethodSecurityExpressionHandler] is not eligible for getting processed by all BeanPostProcessors (for example: not eligible for auto-proxying)
2020-10-04 13:54:10,463 INFO o.s.c.s.PostProcessorRegistrationDelegate$BeanPostProcessorChecker:330 [main] Bean 'org.springframework.security.config.annotation.method.configuration.GlobalMethodSecurityConfiguration' of type [org.springframework.security.config.annotation.method.configuration.GlobalMethodSecurityConfiguration$$EnhancerBySpringCGLIB$$e977aada] is not eligible for getting processed by all BeanPostProcessors (for example: not eligible for auto-proxying)
2020-10-04 13:54:10,470 INFO o.s.c.s.PostProcessorRegistrationDelegate$BeanPostProcessorChecker:330 [main] Bean 'org.springframework.security.config.annotation.method.configuration.Jsr250MetadataSourceConfiguration' of type [org.springframework.security.config.annotation.method.configuration.Jsr250MetadataSourceConfiguration$$EnhancerBySpringCGLIB$$eccc2f0] is not eligible for getting processed by all BeanPostProcessors (for example: not eligible for auto-proxying)
2020-10-04 13:54:10,472 INFO o.s.c.s.PostProcessorRegistrationDelegate$BeanPostProcessorChecker:330 [main] Bean 'jsr250MethodSecurityMetadataSource' of type [org.springframework.security.access.annotation.Jsr250MethodSecurityMetadataSource] is not eligible for getting processed by all BeanPostProcessors (for example: not eligible for auto-proxying)
2020-10-04 13:54:10,474 INFO o.s.c.s.PostProcessorRegistrationDelegate$BeanPostProcessorChecker:330 [main] Bean 'methodSecurityMetadataSource' of type [org.springframework.security.access.method.DelegatingMethodSecurityMetadataSource] is not eligible for getting processed by all BeanPostProcessors (for example: not eligible for auto-proxying)
2020-10-04 13:54:10,813 INFO o.s.b.w.e.t.TomcatWebServer:90 [main] Tomcat initialized with port(s): 8200 (http)
2020-10-04 13:54:10,830 INFO o.a.j.l.DirectJDKLog:173 [main] Initializing ProtocolHandler ["http-nio-8200"]
2020-10-04 13:54:10,843 INFO o.a.j.l.DirectJDKLog:173 [main] Starting service [Tomcat]
2020-10-04 13:54:10,843 INFO o.a.j.l.DirectJDKLog:173 [main] Starting Servlet engine: [Apache Tomcat/9.0.22]
2020-10-04 13:54:10,983 INFO o.a.j.l.DirectJDKLog:173 [main] Initializing Spring embedded WebApplicationContext
2020-10-04 13:54:10,983 INFO o.s.b.w.s.c.ServletWebServerApplicationContext:284 [main] Root WebApplicationContext: initialization completed in 2672 ms
2020-10-04 13:54:11,290 INFO c.z.h.HikariDataSource:110 [main] HikariPool-1 - Starting...
2020-10-04 13:54:11,433 INFO c.z.h.HikariDataSource:123 [main] HikariPool-1 - Start completed.
2020-10-04 13:54:11,494 INFO o.h.j.i.u.LogHelper:31 [main] HHH000204: Processing PersistenceUnitInfo [
	name: default
	...]
2020-10-04 13:54:11,609 INFO o.h.Version:46 [main] HHH000412: Hibernate Core {5.3.10.Final}
2020-10-04 13:54:11,615 INFO o.h.c.Environment:213 [main] HHH000206: hibernate.properties not found
2020-10-04 13:54:11,856 INFO o.h.a.c.r.j.JavaReflectionManager:49 [main] HCANN000001: Hibernate Commons Annotations {5.0.4.Final}
2020-10-04 13:54:12,025 INFO o.h.d.Dialect:157 [main] HHH000400: Using dialect: org.hibernate.dialect.MySQL5InnoDBDialect
2020-10-04 13:54:12,879 ERROR o.h.m.i.MetadataContext:470 [main] HHH015007: Illegal argument on static metamodel field injection : com.airconsole.wm_cms.model.entities.User_#groupUsersById; expected type :  org.hibernate.metamodel.internal.PluralAttributeImpl$CollectionAttributeImpl; encountered type : javax.persistence.metamodel.SingularAttribute
2020-10-04 13:54:13,346 INFO o.s.o.j.AbstractEntityManagerFactoryBean:415 [main] Initialized JPA EntityManagerFactory for persistence unit 'default'
2020-10-04 13:54:13,814 DEBUG o.s.w.f.GenericFilterBean:241 [main] Filter 'logFilter' configured for use
2020-10-04 13:54:14,204 WARN o.s.b.a.o.j.JpaBaseConfiguration$JpaWebConfiguration$JpaWebMvcConfiguration:226 [main] spring.jpa.open-in-view is enabled by default. Therefore, database queries may be performed during view rendering. Explicitly configure spring.jpa.open-in-view to disable this warning
2020-10-04 13:54:14,384 INFO o.s.s.w.DefaultSecurityFilterChain:43 [main] Creating filter chain: any request, [org.springframework.security.web.context.request.async.WebAsyncManagerIntegrationFilter@4e7151b3, org.springframework.security.web.context.SecurityContextPersistenceFilter@417b3642, org.springframework.security.web.header.HeaderWriterFilter@7fcfe065, org.springframework.web.filter.CorsFilter@5ef7ae2f, org.springframework.security.web.authentication.logout.LogoutFilter@56820446, com.airconsole.wm_cms.security.JwtAuthenticationFilter@d271d6c, org.springframework.security.web.savedrequest.RequestCacheAwareFilter@55e88bc, org.springframework.security.web.servletapi.SecurityContextHolderAwareRequestFilter@772bc4c9, org.springframework.security.web.authentication.AnonymousAuthenticationFilter@1bcf2c64, org.springframework.security.web.session.SessionManagementFilter@20e9c165, org.springframework.security.web.access.ExceptionTranslationFilter@a238a8e, org.springframework.security.web.access.intercept.FilterSecurityInterceptor@1701beb3]
2020-10-04 13:54:14,600 INFO o.s.s.c.ExecutorConfigurationSupport:171 [main] Initializing ExecutorService 'applicationTaskExecutor'
2020-10-04 13:54:14,887 INFO o.a.j.l.DirectJDKLog:173 [main] Starting ProtocolHandler ["http-nio-8200"]
2020-10-04 13:54:14,919 INFO o.s.b.w.e.t.TomcatWebServer:202 [main] Tomcat started on port(s): 8200 (http) with context path ''
2020-10-04 13:54:14,922 INFO o.s.b.StartupInfoLogger:59 [main] Started MainApplication in 7.139 seconds (JVM running for 8.725)
2020-10-04 13:55:14,136 INFO o.a.j.l.DirectJDKLog:173 [http-nio-8200-exec-2] Initializing Spring DispatcherServlet 'dispatcherServlet'
2020-10-04 13:55:14,137 INFO o.s.w.s.FrameworkServlet:524 [http-nio-8200-exec-2] Initializing Servlet 'dispatcherServlet'
2020-10-04 13:55:14,150 INFO o.s.w.s.FrameworkServlet:546 [http-nio-8200-exec-2] Completed initialization in 13 ms
2020-10-04 13:55:14,324 DEBUG o.h.e.j.s.SqlStatementLogger:94 [http-nio-8200-exec-2] select user0_.id as id1_8_0_, user0_.create_at as create_a2_8_0_, user0_.create_by as create_b3_8_0_, user0_.email as email4_8_0_, user0_.is_admin as is_admin5_8_0_, user0_.name as name6_8_0_, user0_.password as password7_8_0_, user0_.update_at as update_a8_8_0_, user0_.update_by as update_b9_8_0_, user0_.username as usernam10_8_0_ from user user0_ where user0_.id=?
2020-10-04 13:55:14,382 DEBUG o.h.e.j.s.SqlStatementLogger:94 [http-nio-8200-exec-2] select groupusers0_.user_id as user_id1_2_0_, groupusers0_.group_id as group_id2_2_0_, groupusers0_.user_id as user_id1_2_1_, groupusers0_.group_id as group_id2_2_1_, groupusers0_.create_at as create_a3_2_1_, groupusers0_.create_by as create_b4_2_1_, group1_.id as id1_0_2_, group1_.create_at as create_a2_0_2_, group1_.create_by as create_b3_0_2_, group1_.description as descript4_0_2_, group1_.name as name5_0_2_, group1_.status as status6_0_2_, group1_.update_at as update_a7_0_2_, group1_.update_by as update_b8_0_2_ from group_user groupusers0_ inner join _group group1_ on groupusers0_.group_id=group1_.id where groupusers0_.user_id=?
2020-10-04 13:55:14,388 DEBUG o.h.e.j.s.SqlStatementLogger:94 [http-nio-8200-exec-2] select grouppager0_.group_id as group_id3_1_0_, grouppager0_.role_id as role_id1_1_0_, grouppager0_.page_id as page_id2_1_0_, grouppager0_.role_id as role_id1_1_1_, grouppager0_.page_id as page_id2_1_1_, grouppager0_.group_id as group_id3_1_1_, page1_.id as id1_5_2_, page1_.icon as icon2_5_2_, page1_.menu_index as menu_ind3_5_2_, page1_.name as name4_5_2_, page1_.parent_id as parent_i5_5_2_, page1_.url as url6_5_2_, role2_.id as id1_7_3_, role2_.code as code2_7_3_, role2_.name as name3_7_3_, role2_.status as status4_7_3_ from group_page_role grouppager0_ inner join page page1_ on grouppager0_.page_id=page1_.id inner join role role2_ on grouppager0_.role_id=role2_.id where grouppager0_.group_id=?
2020-10-04 13:55:14,434 DEBUG o.s.w.f.CommonsRequestLoggingFilter:47 [http-nio-8200-exec-2] Before request [uri=/api/questions]
2020-10-04 13:55:14,478 DEBUG o.s.w.f.CommonsRequestLoggingFilter:55 [http-nio-8200-exec-2] ==> New request: uri=/api/questions]
2020-10-04 13:56:36,901 INFO o.s.b.StartupInfoLogger:50 [main] Starting MainApplication on msi_ducpt with PID 7328 (F:\Project\AirConsole\Developer\S-JAVA-WM_CMS\target\classes started by MSI in F:\Project\AirConsole\Developer\S-JAVA-WM_CMS)
2020-10-04 13:56:36,904 INFO o.s.b.SpringApplication:647 [main] No active profile set, falling back to default profiles: default
2020-10-04 13:56:39,087 INFO o.s.d.r.c.RepositoryConfigurationDelegate:126 [main] Bootstrapping Spring Data repositories in DEFAULT mode.
2020-10-04 13:56:39,190 INFO o.s.d.r.c.RepositoryConfigurationDelegate:182 [main] Finished Spring Data repository scanning in 92ms. Found 2 repository interfaces.
2020-10-04 13:56:39,613 INFO o.s.c.s.PostProcessorRegistrationDelegate$BeanPostProcessorChecker:330 [main] Bean 'org.springframework.transaction.annotation.ProxyTransactionManagementConfiguration' of type [org.springframework.transaction.annotation.ProxyTransactionManagementConfiguration$$EnhancerBySpringCGLIB$$1adc24e1] is not eligible for getting processed by all BeanPostProcessors (for example: not eligible for auto-proxying)
2020-10-04 13:56:39,657 INFO o.s.c.s.PostProcessorRegistrationDelegate$BeanPostProcessorChecker:330 [main] Bean 'org.springframework.security.config.annotation.configuration.ObjectPostProcessorConfiguration' of type [org.springframework.security.config.annotation.configuration.ObjectPostProcessorConfiguration$$EnhancerBySpringCGLIB$$b389ed1b] is not eligible for getting processed by all BeanPostProcessors (for example: not eligible for auto-proxying)
2020-10-04 13:56:39,673 INFO o.s.c.s.PostProcessorRegistrationDelegate$BeanPostProcessorChecker:330 [main] Bean 'objectPostProcessor' of type [org.springframework.security.config.annotation.configuration.AutowireBeanFactoryObjectPostProcessor] is not eligible for getting processed by all BeanPostProcessors (for example: not eligible for auto-proxying)
2020-10-04 13:56:39,676 INFO o.s.c.s.PostProcessorRegistrationDelegate$BeanPostProcessorChecker:330 [main] Bean 'org.springframework.security.access.expression.method.DefaultMethodSecurityExpressionHandler@4fa9ab6' of type [org.springframework.security.access.expression.method.DefaultMethodSecurityExpressionHandler] is not eligible for getting processed by all BeanPostProcessors (for example: not eligible for auto-proxying)
2020-10-04 13:56:39,681 INFO o.s.c.s.PostProcessorRegistrationDelegate$BeanPostProcessorChecker:330 [main] Bean 'org.springframework.security.config.annotation.method.configuration.GlobalMethodSecurityConfiguration' of type [org.springframework.security.config.annotation.method.configuration.GlobalMethodSecurityConfiguration$$EnhancerBySpringCGLIB$$d85e8fcd] is not eligible for getting processed by all BeanPostProcessors (for example: not eligible for auto-proxying)
2020-10-04 13:56:39,688 INFO o.s.c.s.PostProcessorRegistrationDelegate$BeanPostProcessorChecker:330 [main] Bean 'org.springframework.security.config.annotation.method.configuration.Jsr250MetadataSourceConfiguration' of type [org.springframework.security.config.annotation.method.configuration.Jsr250MetadataSourceConfiguration$$EnhancerBySpringCGLIB$$fdb3a7e3] is not eligible for getting processed by all BeanPostProcessors (for example: not eligible for auto-proxying)
2020-10-04 13:56:39,691 INFO o.s.c.s.PostProcessorRegistrationDelegate$BeanPostProcessorChecker:330 [main] Bean 'jsr250MethodSecurityMetadataSource' of type [org.springframework.security.access.annotation.Jsr250MethodSecurityMetadataSource] is not eligible for getting processed by all BeanPostProcessors (for example: not eligible for auto-proxying)
2020-10-04 13:56:39,695 INFO o.s.c.s.PostProcessorRegistrationDelegate$BeanPostProcessorChecker:330 [main] Bean 'methodSecurityMetadataSource' of type [org.springframework.security.access.method.DelegatingMethodSecurityMetadataSource] is not eligible for getting processed by all BeanPostProcessors (for example: not eligible for auto-proxying)
2020-10-04 13:56:40,141 INFO o.s.b.w.e.t.TomcatWebServer:90 [main] Tomcat initialized with port(s): 8200 (http)
2020-10-04 13:56:40,172 INFO o.a.j.l.DirectJDKLog:173 [main] Initializing ProtocolHandler ["http-nio-8200"]
2020-10-04 13:56:40,188 INFO o.a.j.l.DirectJDKLog:173 [main] Starting service [Tomcat]
2020-10-04 13:56:40,189 INFO o.a.j.l.DirectJDKLog:173 [main] Starting Servlet engine: [Apache Tomcat/9.0.22]
2020-10-04 13:56:40,358 INFO o.a.j.l.DirectJDKLog:173 [main] Initializing Spring embedded WebApplicationContext
2020-10-04 13:56:40,358 INFO o.s.b.w.s.c.ServletWebServerApplicationContext:284 [main] Root WebApplicationContext: initialization completed in 3358 ms
2020-10-04 13:56:40,725 INFO c.z.h.HikariDataSource:110 [main] HikariPool-1 - Starting...
2020-10-04 13:56:40,901 INFO c.z.h.HikariDataSource:123 [main] HikariPool-1 - Start completed.
2020-10-04 13:56:40,967 INFO o.h.j.i.u.LogHelper:31 [main] HHH000204: Processing PersistenceUnitInfo [
	name: default
	...]
2020-10-04 13:56:41,048 INFO o.h.Version:46 [main] HHH000412: Hibernate Core {5.3.10.Final}
2020-10-04 13:56:41,050 INFO o.h.c.Environment:213 [main] HHH000206: hibernate.properties not found
2020-10-04 13:56:41,192 INFO o.h.a.c.r.j.JavaReflectionManager:49 [main] HCANN000001: Hibernate Commons Annotations {5.0.4.Final}
2020-10-04 13:56:41,361 INFO o.h.d.Dialect:157 [main] HHH000400: Using dialect: org.hibernate.dialect.MySQL5InnoDBDialect
2020-10-04 13:56:42,287 ERROR o.h.m.i.MetadataContext:470 [main] HHH015007: Illegal argument on static metamodel field injection : com.airconsole.wm_cms.model.entities.User_#groupUsersById; expected type :  org.hibernate.metamodel.internal.PluralAttributeImpl$CollectionAttributeImpl; encountered type : javax.persistence.metamodel.SingularAttribute
2020-10-04 13:56:42,807 INFO o.s.o.j.AbstractEntityManagerFactoryBean:415 [main] Initialized JPA EntityManagerFactory for persistence unit 'default'
2020-10-04 13:56:43,318 DEBUG o.s.w.f.GenericFilterBean:241 [main] Filter 'logFilter' configured for use
2020-10-04 13:56:43,739 WARN o.s.b.a.o.j.JpaBaseConfiguration$JpaWebConfiguration$JpaWebMvcConfiguration:226 [main] spring.jpa.open-in-view is enabled by default. Therefore, database queries may be performed during view rendering. Explicitly configure spring.jpa.open-in-view to disable this warning
2020-10-04 13:56:43,891 INFO o.s.s.w.DefaultSecurityFilterChain:43 [main] Creating filter chain: any request, [org.springframework.security.web.context.request.async.WebAsyncManagerIntegrationFilter@46507dda, org.springframework.security.web.context.SecurityContextPersistenceFilter@391e2a, org.springframework.security.web.header.HeaderWriterFilter@21d48c40, org.springframework.web.filter.CorsFilter@52463255, org.springframework.security.web.authentication.logout.LogoutFilter@7c4a5ef2, com.airconsole.wm_cms.security.JwtAuthenticationFilter@57fc6759, org.springframework.security.web.savedrequest.RequestCacheAwareFilter@4e3d36c2, org.springframework.security.web.servletapi.SecurityContextHolderAwareRequestFilter@288b8663, org.springframework.security.web.authentication.AnonymousAuthenticationFilter@66f5770e, org.springframework.security.web.session.SessionManagementFilter@3293030b, org.springframework.security.web.access.ExceptionTranslationFilter@79b0956e, org.springframework.security.web.access.intercept.FilterSecurityInterceptor@7e741d6b]
2020-10-04 13:56:44,234 INFO o.s.s.c.ExecutorConfigurationSupport:171 [main] Initializing ExecutorService 'applicationTaskExecutor'
2020-10-04 13:56:44,468 INFO o.a.j.l.DirectJDKLog:173 [main] Starting ProtocolHandler ["http-nio-8200"]
2020-10-04 13:56:44,498 INFO o.s.b.w.e.t.TomcatWebServer:202 [main] Tomcat started on port(s): 8200 (http) with context path ''
2020-10-04 13:56:44,500 INFO o.s.b.StartupInfoLogger:59 [main] Started MainApplication in 8.187 seconds (JVM running for 10.932)
2020-10-04 13:56:44,890 INFO o.a.j.l.DirectJDKLog:173 [http-nio-8200-exec-1] Initializing Spring DispatcherServlet 'dispatcherServlet'
2020-10-04 13:56:44,891 INFO o.s.w.s.FrameworkServlet:524 [http-nio-8200-exec-1] Initializing Servlet 'dispatcherServlet'
2020-10-04 13:56:44,962 INFO o.s.w.s.FrameworkServlet:546 [http-nio-8200-exec-1] Completed initialization in 71 ms
2020-10-04 13:56:45,384 DEBUG o.h.e.j.s.SqlStatementLogger:94 [http-nio-8200-exec-1] select user0_.id as id1_8_0_, user0_.create_at as create_a2_8_0_, user0_.create_by as create_b3_8_0_, user0_.email as email4_8_0_, user0_.is_admin as is_admin5_8_0_, user0_.name as name6_8_0_, user0_.password as password7_8_0_, user0_.update_at as update_a8_8_0_, user0_.update_by as update_b9_8_0_, user0_.username as usernam10_8_0_ from user user0_ where user0_.id=?
2020-10-04 13:56:45,433 DEBUG o.h.e.j.s.SqlStatementLogger:94 [http-nio-8200-exec-1] select groupusers0_.user_id as user_id1_2_0_, groupusers0_.group_id as group_id2_2_0_, groupusers0_.user_id as user_id1_2_1_, groupusers0_.group_id as group_id2_2_1_, groupusers0_.create_at as create_a3_2_1_, groupusers0_.create_by as create_b4_2_1_, group1_.id as id1_0_2_, group1_.create_at as create_a2_0_2_, group1_.create_by as create_b3_0_2_, group1_.description as descript4_0_2_, group1_.name as name5_0_2_, group1_.status as status6_0_2_, group1_.update_at as update_a7_0_2_, group1_.update_by as update_b8_0_2_ from group_user groupusers0_ inner join _group group1_ on groupusers0_.group_id=group1_.id where groupusers0_.user_id=?
2020-10-04 13:56:45,440 DEBUG o.h.e.j.s.SqlStatementLogger:94 [http-nio-8200-exec-1] select grouppager0_.group_id as group_id3_1_0_, grouppager0_.role_id as role_id1_1_0_, grouppager0_.page_id as page_id2_1_0_, grouppager0_.role_id as role_id1_1_1_, grouppager0_.page_id as page_id2_1_1_, grouppager0_.group_id as group_id3_1_1_, page1_.id as id1_5_2_, page1_.icon as icon2_5_2_, page1_.menu_index as menu_ind3_5_2_, page1_.name as name4_5_2_, page1_.parent_id as parent_i5_5_2_, page1_.url as url6_5_2_, role2_.id as id1_7_3_, role2_.code as code2_7_3_, role2_.name as name3_7_3_, role2_.status as status4_7_3_ from group_page_role grouppager0_ inner join page page1_ on grouppager0_.page_id=page1_.id inner join role role2_ on grouppager0_.role_id=role2_.id where grouppager0_.group_id=?
2020-10-04 13:56:45,482 DEBUG o.s.w.f.CommonsRequestLoggingFilter:47 [http-nio-8200-exec-1] Before request [uri=/api/questions]
2020-10-04 13:56:45,523 DEBUG o.s.w.f.CommonsRequestLoggingFilter:55 [http-nio-8200-exec-1] ==> New request: uri=/api/questions]
2020-10-04 13:58:59,409 DEBUG o.h.e.j.s.SqlStatementLogger:94 [http-nio-8200-exec-3] select user0_.id as id1_8_0_, user0_.create_at as create_a2_8_0_, user0_.create_by as create_b3_8_0_, user0_.email as email4_8_0_, user0_.is_admin as is_admin5_8_0_, user0_.name as name6_8_0_, user0_.password as password7_8_0_, user0_.update_at as update_a8_8_0_, user0_.update_by as update_b9_8_0_, user0_.username as usernam10_8_0_ from user user0_ where user0_.id=?
2020-10-04 13:58:59,415 DEBUG o.h.e.j.s.SqlStatementLogger:94 [http-nio-8200-exec-3] select groupusers0_.user_id as user_id1_2_0_, groupusers0_.group_id as group_id2_2_0_, groupusers0_.user_id as user_id1_2_1_, groupusers0_.group_id as group_id2_2_1_, groupusers0_.create_at as create_a3_2_1_, groupusers0_.create_by as create_b4_2_1_, group1_.id as id1_0_2_, group1_.create_at as create_a2_0_2_, group1_.create_by as create_b3_0_2_, group1_.description as descript4_0_2_, group1_.name as name5_0_2_, group1_.status as status6_0_2_, group1_.update_at as update_a7_0_2_, group1_.update_by as update_b8_0_2_ from group_user groupusers0_ inner join _group group1_ on groupusers0_.group_id=group1_.id where groupusers0_.user_id=?
2020-10-04 13:58:59,418 DEBUG o.h.e.j.s.SqlStatementLogger:94 [http-nio-8200-exec-3] select grouppager0_.group_id as group_id3_1_0_, grouppager0_.role_id as role_id1_1_0_, grouppager0_.page_id as page_id2_1_0_, grouppager0_.role_id as role_id1_1_1_, grouppager0_.page_id as page_id2_1_1_, grouppager0_.group_id as group_id3_1_1_, page1_.id as id1_5_2_, page1_.icon as icon2_5_2_, page1_.menu_index as menu_ind3_5_2_, page1_.name as name4_5_2_, page1_.parent_id as parent_i5_5_2_, page1_.url as url6_5_2_, role2_.id as id1_7_3_, role2_.code as code2_7_3_, role2_.name as name3_7_3_, role2_.status as status4_7_3_ from group_page_role grouppager0_ inner join page page1_ on grouppager0_.page_id=page1_.id inner join role role2_ on grouppager0_.role_id=role2_.id where grouppager0_.group_id=?
2020-10-04 13:58:59,441 DEBUG o.s.w.f.CommonsRequestLoggingFilter:47 [http-nio-8200-exec-3] Before request [uri=/api/questions]
2020-10-04 13:58:59,446 DEBUG o.s.w.f.CommonsRequestLoggingFilter:55 [http-nio-8200-exec-3] ==> New request: uri=/api/questions]
2020-10-04 13:59:28,255 DEBUG o.s.w.f.CommonsRequestLoggingFilter:47 [http-nio-8200-exec-5] Before request [uri=/api/auth/signin]
2020-10-04 13:59:28,584 INFO o.h.h.i.QueryTranslatorFactoryInitiator:47 [http-nio-8200-exec-5] HHH000397: Using ASTQueryTranslatorFactory
2020-10-04 13:59:28,682 DEBUG o.h.e.j.s.SqlStatementLogger:94 [http-nio-8200-exec-5] select user0_.id as id1_8_, user0_.create_at as create_a2_8_, user0_.create_by as create_b3_8_, user0_.email as email4_8_, user0_.is_admin as is_admin5_8_, user0_.name as name6_8_, user0_.password as password7_8_, user0_.update_at as update_a8_8_, user0_.update_by as update_b9_8_, user0_.username as usernam10_8_ from user user0_ where user0_.username=? or user0_.email=?
2020-10-04 13:59:28,688 DEBUG o.h.e.j.s.SqlStatementLogger:94 [http-nio-8200-exec-5] select groupusers0_.user_id as user_id1_2_0_, groupusers0_.group_id as group_id2_2_0_, groupusers0_.user_id as user_id1_2_1_, groupusers0_.group_id as group_id2_2_1_, groupusers0_.create_at as create_a3_2_1_, groupusers0_.create_by as create_b4_2_1_, group1_.id as id1_0_2_, group1_.create_at as create_a2_0_2_, group1_.create_by as create_b3_0_2_, group1_.description as descript4_0_2_, group1_.name as name5_0_2_, group1_.status as status6_0_2_, group1_.update_at as update_a7_0_2_, group1_.update_by as update_b8_0_2_ from group_user groupusers0_ inner join _group group1_ on groupusers0_.group_id=group1_.id where groupusers0_.user_id=?
2020-10-04 13:59:28,691 DEBUG o.h.e.j.s.SqlStatementLogger:94 [http-nio-8200-exec-5] select grouppager0_.group_id as group_id3_1_0_, grouppager0_.role_id as role_id1_1_0_, grouppager0_.page_id as page_id2_1_0_, grouppager0_.role_id as role_id1_1_1_, grouppager0_.page_id as page_id2_1_1_, grouppager0_.group_id as group_id3_1_1_, page1_.id as id1_5_2_, page1_.icon as icon2_5_2_, page1_.menu_index as menu_ind3_5_2_, page1_.name as name4_5_2_, page1_.parent_id as parent_i5_5_2_, page1_.url as url6_5_2_, role2_.id as id1_7_3_, role2_.code as code2_7_3_, role2_.name as name3_7_3_, role2_.status as status4_7_3_ from group_page_role grouppager0_ inner join page page1_ on grouppager0_.page_id=page1_.id inner join role role2_ on grouppager0_.role_id=role2_.id where grouppager0_.group_id=?
2020-10-04 13:59:28,881 DEBUG o.s.w.f.CommonsRequestLoggingFilter:55 [http-nio-8200-exec-5] ==> New request: uri=/api/auth/signin;payload={
    "transId": "trans02",
    "channel": "cms",
    "password": "admin123",
    "usernameOrEmail": "admin"
}]
2020-10-04 13:59:49,557 DEBUG o.s.w.f.CommonsRequestLoggingFilter:47 [http-nio-8200-exec-6] Before request [uri=/api/auth/signin]
2020-10-04 13:59:49,585 DEBUG o.h.e.j.s.SqlStatementLogger:94 [http-nio-8200-exec-6] select user0_.id as id1_8_, user0_.create_at as create_a2_8_, user0_.create_by as create_b3_8_, user0_.email as email4_8_, user0_.is_admin as is_admin5_8_, user0_.name as name6_8_, user0_.password as password7_8_, user0_.update_at as update_a8_8_, user0_.update_by as update_b9_8_, user0_.username as usernam10_8_ from user user0_ where user0_.username=? or user0_.email=?
2020-10-04 13:59:49,589 DEBUG o.h.e.j.s.SqlStatementLogger:94 [http-nio-8200-exec-6] select groupusers0_.user_id as user_id1_2_0_, groupusers0_.group_id as group_id2_2_0_, groupusers0_.user_id as user_id1_2_1_, groupusers0_.group_id as group_id2_2_1_, groupusers0_.create_at as create_a3_2_1_, groupusers0_.create_by as create_b4_2_1_, group1_.id as id1_0_2_, group1_.create_at as create_a2_0_2_, group1_.create_by as create_b3_0_2_, group1_.description as descript4_0_2_, group1_.name as name5_0_2_, group1_.status as status6_0_2_, group1_.update_at as update_a7_0_2_, group1_.update_by as update_b8_0_2_ from group_user groupusers0_ inner join _group group1_ on groupusers0_.group_id=group1_.id where groupusers0_.user_id=?
2020-10-04 13:59:49,592 DEBUG o.h.e.j.s.SqlStatementLogger:94 [http-nio-8200-exec-6] select grouppager0_.group_id as group_id3_1_0_, grouppager0_.role_id as role_id1_1_0_, grouppager0_.page_id as page_id2_1_0_, grouppager0_.role_id as role_id1_1_1_, grouppager0_.page_id as page_id2_1_1_, grouppager0_.group_id as group_id3_1_1_, page1_.id as id1_5_2_, page1_.icon as icon2_5_2_, page1_.menu_index as menu_ind3_5_2_, page1_.name as name4_5_2_, page1_.parent_id as parent_i5_5_2_, page1_.url as url6_5_2_, role2_.id as id1_7_3_, role2_.code as code2_7_3_, role2_.name as name3_7_3_, role2_.status as status4_7_3_ from group_page_role grouppager0_ inner join page page1_ on grouppager0_.page_id=page1_.id inner join role role2_ on grouppager0_.role_id=role2_.id where grouppager0_.group_id=?
2020-10-04 13:59:49,791 DEBUG o.s.w.f.CommonsRequestLoggingFilter:55 [http-nio-8200-exec-6] ==> New request: uri=/api/auth/signin;payload={
    "transId": "trans02",
    "channel": "cms",
    "password": "admin123",
    "usernameOrEmail": "admin"
}]
2020-10-04 14:00:06,291 DEBUG o.h.e.j.s.SqlStatementLogger:94 [http-nio-8200-exec-7] select user0_.id as id1_8_0_, user0_.create_at as create_a2_8_0_, user0_.create_by as create_b3_8_0_, user0_.email as email4_8_0_, user0_.is_admin as is_admin5_8_0_, user0_.name as name6_8_0_, user0_.password as password7_8_0_, user0_.update_at as update_a8_8_0_, user0_.update_by as update_b9_8_0_, user0_.username as usernam10_8_0_ from user user0_ where user0_.id=?
2020-10-04 14:00:06,297 DEBUG o.h.e.j.s.SqlStatementLogger:94 [http-nio-8200-exec-7] select groupusers0_.user_id as user_id1_2_0_, groupusers0_.group_id as group_id2_2_0_, groupusers0_.user_id as user_id1_2_1_, groupusers0_.group_id as group_id2_2_1_, groupusers0_.create_at as create_a3_2_1_, groupusers0_.create_by as create_b4_2_1_, group1_.id as id1_0_2_, group1_.create_at as create_a2_0_2_, group1_.create_by as create_b3_0_2_, group1_.description as descript4_0_2_, group1_.name as name5_0_2_, group1_.status as status6_0_2_, group1_.update_at as update_a7_0_2_, group1_.update_by as update_b8_0_2_ from group_user groupusers0_ inner join _group group1_ on groupusers0_.group_id=group1_.id where groupusers0_.user_id=?
2020-10-04 14:00:06,299 DEBUG o.h.e.j.s.SqlStatementLogger:94 [http-nio-8200-exec-7] select grouppager0_.group_id as group_id3_1_0_, grouppager0_.role_id as role_id1_1_0_, grouppager0_.page_id as page_id2_1_0_, grouppager0_.role_id as role_id1_1_1_, grouppager0_.page_id as page_id2_1_1_, grouppager0_.group_id as group_id3_1_1_, page1_.id as id1_5_2_, page1_.icon as icon2_5_2_, page1_.menu_index as menu_ind3_5_2_, page1_.name as name4_5_2_, page1_.parent_id as parent_i5_5_2_, page1_.url as url6_5_2_, role2_.id as id1_7_3_, role2_.code as code2_7_3_, role2_.name as name3_7_3_, role2_.status as status4_7_3_ from group_page_role grouppager0_ inner join page page1_ on grouppager0_.page_id=page1_.id inner join role role2_ on grouppager0_.role_id=role2_.id where grouppager0_.group_id=?
2020-10-04 14:00:06,315 DEBUG o.s.w.f.CommonsRequestLoggingFilter:47 [http-nio-8200-exec-7] Before request [uri=/api/questions]
2020-10-04 14:00:06,317 DEBUG o.s.w.f.CommonsRequestLoggingFilter:55 [http-nio-8200-exec-7] ==> New request: uri=/api/questions]
2020-10-04 14:00:38,796 INFO o.s.b.StartupInfoLogger:50 [main] Starting MainApplication on msi_ducpt with PID 9400 (F:\Project\AirConsole\Developer\S-JAVA-WM_CMS\target\classes started by MSI in F:\Project\AirConsole\Developer\S-JAVA-WM_CMS)
2020-10-04 14:00:38,801 INFO o.s.b.SpringApplication:647 [main] No active profile set, falling back to default profiles: default
2020-10-04 14:00:40,411 INFO o.s.d.r.c.RepositoryConfigurationDelegate:126 [main] Bootstrapping Spring Data repositories in DEFAULT mode.
2020-10-04 14:00:40,514 INFO o.s.d.r.c.RepositoryConfigurationDelegate:182 [main] Finished Spring Data repository scanning in 95ms. Found 2 repository interfaces.
2020-10-04 14:00:40,941 INFO o.s.c.s.PostProcessorRegistrationDelegate$BeanPostProcessorChecker:330 [main] Bean 'org.springframework.transaction.annotation.ProxyTransactionManagementConfiguration' of type [org.springframework.transaction.annotation.ProxyTransactionManagementConfiguration$$EnhancerBySpringCGLIB$$13aa78a1] is not eligible for getting processed by all BeanPostProcessors (for example: not eligible for auto-proxying)
2020-10-04 14:00:40,988 INFO o.s.c.s.PostProcessorRegistrationDelegate$BeanPostProcessorChecker:330 [main] Bean 'org.springframework.security.config.annotation.configuration.ObjectPostProcessorConfiguration' of type [org.springframework.security.config.annotation.configuration.ObjectPostProcessorConfiguration$$EnhancerBySpringCGLIB$$ac5840db] is not eligible for getting processed by all BeanPostProcessors (for example: not eligible for auto-proxying)
2020-10-04 14:00:40,997 INFO o.s.c.s.PostProcessorRegistrationDelegate$BeanPostProcessorChecker:330 [main] Bean 'objectPostProcessor' of type [org.springframework.security.config.annotation.configuration.AutowireBeanFactoryObjectPostProcessor] is not eligible for getting processed by all BeanPostProcessors (for example: not eligible for auto-proxying)
2020-10-04 14:00:40,999 INFO o.s.c.s.PostProcessorRegistrationDelegate$BeanPostProcessorChecker:330 [main] Bean 'org.springframework.security.access.expression.method.DefaultMethodSecurityExpressionHandler@74170687' of type [org.springframework.security.access.expression.method.DefaultMethodSecurityExpressionHandler] is not eligible for getting processed by all BeanPostProcessors (for example: not eligible for auto-proxying)
2020-10-04 14:00:41,001 INFO o.s.c.s.PostProcessorRegistrationDelegate$BeanPostProcessorChecker:330 [main] Bean 'org.springframework.security.config.annotation.method.configuration.GlobalMethodSecurityConfiguration' of type [org.springframework.security.config.annotation.method.configuration.GlobalMethodSecurityConfiguration$$EnhancerBySpringCGLIB$$d12ce38d] is not eligible for getting processed by all BeanPostProcessors (for example: not eligible for auto-proxying)
2020-10-04 14:00:41,008 INFO o.s.c.s.PostProcessorRegistrationDelegate$BeanPostProcessorChecker:330 [main] Bean 'org.springframework.security.config.annotation.method.configuration.Jsr250MetadataSourceConfiguration' of type [org.springframework.security.config.annotation.method.configuration.Jsr250MetadataSourceConfiguration$$EnhancerBySpringCGLIB$$f681fba3] is not eligible for getting processed by all BeanPostProcessors (for example: not eligible for auto-proxying)
2020-10-04 14:00:41,013 INFO o.s.c.s.PostProcessorRegistrationDelegate$BeanPostProcessorChecker:330 [main] Bean 'jsr250MethodSecurityMetadataSource' of type [org.springframework.security.access.annotation.Jsr250MethodSecurityMetadataSource] is not eligible for getting processed by all BeanPostProcessors (for example: not eligible for auto-proxying)
2020-10-04 14:00:41,015 INFO o.s.c.s.PostProcessorRegistrationDelegate$BeanPostProcessorChecker:330 [main] Bean 'methodSecurityMetadataSource' of type [org.springframework.security.access.method.DelegatingMethodSecurityMetadataSource] is not eligible for getting processed by all BeanPostProcessors (for example: not eligible for auto-proxying)
2020-10-04 14:00:41,382 INFO o.s.b.w.e.t.TomcatWebServer:90 [main] Tomcat initialized with port(s): 8200 (http)
2020-10-04 14:00:41,403 INFO o.a.j.l.DirectJDKLog:173 [main] Initializing ProtocolHandler ["http-nio-8200"]
2020-10-04 14:00:41,415 INFO o.a.j.l.DirectJDKLog:173 [main] Starting service [Tomcat]
2020-10-04 14:00:41,416 INFO o.a.j.l.DirectJDKLog:173 [main] Starting Servlet engine: [Apache Tomcat/9.0.22]
2020-10-04 14:00:41,558 INFO o.a.j.l.DirectJDKLog:173 [main] Initializing Spring embedded WebApplicationContext
2020-10-04 14:00:41,559 INFO o.s.b.w.s.c.ServletWebServerApplicationContext:284 [main] Root WebApplicationContext: initialization completed in 2653 ms
2020-10-04 14:00:41,915 INFO c.z.h.HikariDataSource:110 [main] HikariPool-1 - Starting...
2020-10-04 14:00:42,056 INFO c.z.h.HikariDataSource:123 [main] HikariPool-1 - Start completed.
2020-10-04 14:00:42,118 INFO o.h.j.i.u.LogHelper:31 [main] HHH000204: Processing PersistenceUnitInfo [
	name: default
	...]
2020-10-04 14:00:42,208 INFO o.h.Version:46 [main] HHH000412: Hibernate Core {5.3.10.Final}
2020-10-04 14:00:42,212 INFO o.h.c.Environment:213 [main] HHH000206: hibernate.properties not found
2020-10-04 14:00:42,344 INFO o.h.a.c.r.j.JavaReflectionManager:49 [main] HCANN000001: Hibernate Commons Annotations {5.0.4.Final}
2020-10-04 14:00:42,501 INFO o.h.d.Dialect:157 [main] HHH000400: Using dialect: org.hibernate.dialect.MySQL5InnoDBDialect
2020-10-04 14:00:43,369 ERROR o.h.m.i.MetadataContext:470 [main] HHH015007: Illegal argument on static metamodel field injection : com.airconsole.wm_cms.model.entities.User_#groupUsersById; expected type :  org.hibernate.metamodel.internal.PluralAttributeImpl$CollectionAttributeImpl; encountered type : javax.persistence.metamodel.SingularAttribute
2020-10-04 14:00:44,001 INFO o.s.o.j.AbstractEntityManagerFactoryBean:415 [main] Initialized JPA EntityManagerFactory for persistence unit 'default'
2020-10-04 14:00:44,474 DEBUG o.s.w.f.GenericFilterBean:241 [main] Filter 'logFilter' configured for use
2020-10-04 14:00:44,815 WARN o.s.b.a.o.j.JpaBaseConfiguration$JpaWebConfiguration$JpaWebMvcConfiguration:226 [main] spring.jpa.open-in-view is enabled by default. Therefore, database queries may be performed during view rendering. Explicitly configure spring.jpa.open-in-view to disable this warning
2020-10-04 14:00:44,963 INFO o.s.s.w.DefaultSecurityFilterChain:43 [main] Creating filter chain: any request, [org.springframework.security.web.context.request.async.WebAsyncManagerIntegrationFilter@22ea6051, org.springframework.security.web.context.SecurityContextPersistenceFilter@7c50709a, org.springframework.security.web.header.HeaderWriterFilter@3ab70d34, org.springframework.web.filter.CorsFilter@539bb233, org.springframework.security.web.authentication.logout.LogoutFilter@eb6ccbc, com.airconsole.wm_cms.security.JwtAuthenticationFilter@6a0ee80, org.springframework.security.web.savedrequest.RequestCacheAwareFilter@a20898c, org.springframework.security.web.servletapi.SecurityContextHolderAwareRequestFilter@18fa5af6, org.springframework.security.web.authentication.AnonymousAuthenticationFilter@21b2579d, org.springframework.security.web.session.SessionManagementFilter@74ee97cb, org.springframework.security.web.access.ExceptionTranslationFilter@57806346, org.springframework.security.web.access.intercept.FilterSecurityInterceptor@4c6eaa65]
2020-10-04 14:00:45,156 INFO o.s.s.c.ExecutorConfigurationSupport:171 [main] Initializing ExecutorService 'applicationTaskExecutor'
2020-10-04 14:00:45,391 INFO o.a.j.l.DirectJDKLog:173 [main] Starting ProtocolHandler ["http-nio-8200"]
2020-10-04 14:00:45,421 INFO o.s.b.w.e.t.TomcatWebServer:202 [main] Tomcat started on port(s): 8200 (http) with context path ''
2020-10-04 14:00:45,424 INFO o.s.b.StartupInfoLogger:59 [main] Started MainApplication in 7.206 seconds (JVM running for 8.967)
2020-10-04 14:00:45,722 INFO o.a.j.l.DirectJDKLog:173 [http-nio-8200-exec-2] Initializing Spring DispatcherServlet 'dispatcherServlet'
2020-10-04 14:00:45,723 INFO o.s.w.s.FrameworkServlet:524 [http-nio-8200-exec-2] Initializing Servlet 'dispatcherServlet'
2020-10-04 14:00:45,738 INFO o.s.w.s.FrameworkServlet:546 [http-nio-8200-exec-2] Completed initialization in 15 ms
2020-10-04 14:00:45,993 DEBUG o.h.e.j.s.SqlStatementLogger:94 [http-nio-8200-exec-2] select user0_.id as id1_8_0_, user0_.create_at as create_a2_8_0_, user0_.create_by as create_b3_8_0_, user0_.email as email4_8_0_, user0_.is_admin as is_admin5_8_0_, user0_.name as name6_8_0_, user0_.password as password7_8_0_, user0_.update_at as update_a8_8_0_, user0_.update_by as update_b9_8_0_, user0_.username as usernam10_8_0_ from user user0_ where user0_.id=?
2020-10-04 14:00:46,047 DEBUG o.h.e.j.s.SqlStatementLogger:94 [http-nio-8200-exec-2] select groupusers0_.user_id as user_id1_2_0_, groupusers0_.group_id as group_id2_2_0_, groupusers0_.user_id as user_id1_2_1_, groupusers0_.group_id as group_id2_2_1_, groupusers0_.create_at as create_a3_2_1_, groupusers0_.create_by as create_b4_2_1_, group1_.id as id1_0_2_, group1_.create_at as create_a2_0_2_, group1_.create_by as create_b3_0_2_, group1_.description as descript4_0_2_, group1_.name as name5_0_2_, group1_.status as status6_0_2_, group1_.update_at as update_a7_0_2_, group1_.update_by as update_b8_0_2_ from group_user groupusers0_ inner join _group group1_ on groupusers0_.group_id=group1_.id where groupusers0_.user_id=?
2020-10-04 14:00:46,057 DEBUG o.h.e.j.s.SqlStatementLogger:94 [http-nio-8200-exec-2] select grouppager0_.group_id as group_id3_1_0_, grouppager0_.role_id as role_id1_1_0_, grouppager0_.page_id as page_id2_1_0_, grouppager0_.role_id as role_id1_1_1_, grouppager0_.page_id as page_id2_1_1_, grouppager0_.group_id as group_id3_1_1_, page1_.id as id1_5_2_, page1_.icon as icon2_5_2_, page1_.menu_index as menu_ind3_5_2_, page1_.name as name4_5_2_, page1_.parent_id as parent_i5_5_2_, page1_.url as url6_5_2_, role2_.id as id1_7_3_, role2_.code as code2_7_3_, role2_.name as name3_7_3_, role2_.status as status4_7_3_ from group_page_role grouppager0_ inner join page page1_ on grouppager0_.page_id=page1_.id inner join role role2_ on grouppager0_.role_id=role2_.id where grouppager0_.group_id=?
2020-10-04 14:00:46,103 DEBUG o.s.w.f.CommonsRequestLoggingFilter:47 [http-nio-8200-exec-2] Before request [uri=/api/questions]
2020-10-04 14:00:46,160 DEBUG o.s.w.f.CommonsRequestLoggingFilter:55 [http-nio-8200-exec-2] ==> New request: uri=/api/questions]
2020-10-04 14:07:36,129 INFO o.s.b.StartupInfoLogger:50 [main] Starting MainApplication on msi_ducpt with PID 17596 (F:\Project\AirConsole\Developer\S-JAVA-WM_CMS\target\classes started by MSI in F:\Project\AirConsole\Developer\S-JAVA-WM_CMS)
2020-10-04 14:07:36,133 INFO o.s.b.SpringApplication:647 [main] No active profile set, falling back to default profiles: default
2020-10-04 14:07:37,638 INFO o.s.d.r.c.RepositoryConfigurationDelegate:126 [main] Bootstrapping Spring Data repositories in DEFAULT mode.
2020-10-04 14:07:37,727 INFO o.s.d.r.c.RepositoryConfigurationDelegate:182 [main] Finished Spring Data repository scanning in 79ms. Found 2 repository interfaces.
2020-10-04 14:07:38,321 INFO o.s.c.s.PostProcessorRegistrationDelegate$BeanPostProcessorChecker:330 [main] Bean 'org.springframework.transaction.annotation.ProxyTransactionManagementConfiguration' of type [org.springframework.transaction.annotation.ProxyTransactionManagementConfiguration$$EnhancerBySpringCGLIB$$14a5a0c8] is not eligible for getting processed by all BeanPostProcessors (for example: not eligible for auto-proxying)
2020-10-04 14:07:38,367 INFO o.s.c.s.PostProcessorRegistrationDelegate$BeanPostProcessorChecker:330 [main] Bean 'org.springframework.security.config.annotation.configuration.ObjectPostProcessorConfiguration' of type [org.springframework.security.config.annotation.configuration.ObjectPostProcessorConfiguration$$EnhancerBySpringCGLIB$$ad536902] is not eligible for getting processed by all BeanPostProcessors (for example: not eligible for auto-proxying)
2020-10-04 14:07:38,373 INFO o.s.c.s.PostProcessorRegistrationDelegate$BeanPostProcessorChecker:330 [main] Bean 'objectPostProcessor' of type [org.springframework.security.config.annotation.configuration.AutowireBeanFactoryObjectPostProcessor] is not eligible for getting processed by all BeanPostProcessors (for example: not eligible for auto-proxying)
2020-10-04 14:07:38,376 INFO o.s.c.s.PostProcessorRegistrationDelegate$BeanPostProcessorChecker:330 [main] Bean 'org.springframework.security.access.expression.method.DefaultMethodSecurityExpressionHandler@46349b95' of type [org.springframework.security.access.expression.method.DefaultMethodSecurityExpressionHandler] is not eligible for getting processed by all BeanPostProcessors (for example: not eligible for auto-proxying)
2020-10-04 14:07:38,382 INFO o.s.c.s.PostProcessorRegistrationDelegate$BeanPostProcessorChecker:330 [main] Bean 'org.springframework.security.config.annotation.method.configuration.GlobalMethodSecurityConfiguration' of type [org.springframework.security.config.annotation.method.configuration.GlobalMethodSecurityConfiguration$$EnhancerBySpringCGLIB$$d2280bb4] is not eligible for getting processed by all BeanPostProcessors (for example: not eligible for auto-proxying)
2020-10-04 14:07:38,390 INFO o.s.c.s.PostProcessorRegistrationDelegate$BeanPostProcessorChecker:330 [main] Bean 'org.springframework.security.config.annotation.method.configuration.Jsr250MetadataSourceConfiguration' of type [org.springframework.security.config.annotation.method.configuration.Jsr250MetadataSourceConfiguration$$EnhancerBySpringCGLIB$$f77d23ca] is not eligible for getting processed by all BeanPostProcessors (for example: not eligible for auto-proxying)
2020-10-04 14:07:38,394 INFO o.s.c.s.PostProcessorRegistrationDelegate$BeanPostProcessorChecker:330 [main] Bean 'jsr250MethodSecurityMetadataSource' of type [org.springframework.security.access.annotation.Jsr250MethodSecurityMetadataSource] is not eligible for getting processed by all BeanPostProcessors (for example: not eligible for auto-proxying)
2020-10-04 14:07:38,397 INFO o.s.c.s.PostProcessorRegistrationDelegate$BeanPostProcessorChecker:330 [main] Bean 'methodSecurityMetadataSource' of type [org.springframework.security.access.method.DelegatingMethodSecurityMetadataSource] is not eligible for getting processed by all BeanPostProcessors (for example: not eligible for auto-proxying)
2020-10-04 14:07:38,765 INFO o.s.b.w.e.t.TomcatWebServer:90 [main] Tomcat initialized with port(s): 8200 (http)
2020-10-04 14:07:38,786 INFO o.a.j.l.DirectJDKLog:173 [main] Initializing ProtocolHandler ["http-nio-8200"]
2020-10-04 14:07:38,804 INFO o.a.j.l.DirectJDKLog:173 [main] Starting service [Tomcat]
2020-10-04 14:07:38,804 INFO o.a.j.l.DirectJDKLog:173 [main] Starting Servlet engine: [Apache Tomcat/9.0.22]
2020-10-04 14:07:38,958 INFO o.a.j.l.DirectJDKLog:173 [main] Initializing Spring embedded WebApplicationContext
2020-10-04 14:07:38,958 INFO o.s.b.w.s.c.ServletWebServerApplicationContext:284 [main] Root WebApplicationContext: initialization completed in 2763 ms
2020-10-04 14:07:39,315 INFO c.z.h.HikariDataSource:110 [main] HikariPool-1 - Starting...
2020-10-04 14:07:39,491 INFO c.z.h.HikariDataSource:123 [main] HikariPool-1 - Start completed.
2020-10-04 14:07:39,554 INFO o.h.j.i.u.LogHelper:31 [main] HHH000204: Processing PersistenceUnitInfo [
	name: default
	...]
2020-10-04 14:07:39,657 INFO o.h.Version:46 [main] HHH000412: Hibernate Core {5.3.10.Final}
2020-10-04 14:07:39,660 INFO o.h.c.Environment:213 [main] HHH000206: hibernate.properties not found
2020-10-04 14:07:39,804 INFO o.h.a.c.r.j.JavaReflectionManager:49 [main] HCANN000001: Hibernate Commons Annotations {5.0.4.Final}
2020-10-04 14:07:39,963 INFO o.h.d.Dialect:157 [main] HHH000400: Using dialect: org.hibernate.dialect.MySQL5InnoDBDialect
2020-10-04 14:07:40,974 ERROR o.h.m.i.MetadataContext:470 [main] HHH015007: Illegal argument on static metamodel field injection : com.airconsole.wm_cms.model.entities.User_#groupUsersById; expected type :  org.hibernate.metamodel.internal.PluralAttributeImpl$CollectionAttributeImpl; encountered type : javax.persistence.metamodel.SingularAttribute
2020-10-04 14:07:41,473 INFO o.s.o.j.AbstractEntityManagerFactoryBean:415 [main] Initialized JPA EntityManagerFactory for persistence unit 'default'
2020-10-04 14:07:42,057 DEBUG o.s.w.f.GenericFilterBean:241 [main] Filter 'logFilter' configured for use
2020-10-04 14:07:42,400 WARN o.s.b.a.o.j.JpaBaseConfiguration$JpaWebConfiguration$JpaWebMvcConfiguration:226 [main] spring.jpa.open-in-view is enabled by default. Therefore, database queries may be performed during view rendering. Explicitly configure spring.jpa.open-in-view to disable this warning
2020-10-04 14:07:42,555 INFO o.s.s.w.DefaultSecurityFilterChain:43 [main] Creating filter chain: any request, [org.springframework.security.web.context.request.async.WebAsyncManagerIntegrationFilter@222eda8a, org.springframework.security.web.context.SecurityContextPersistenceFilter@608c2042, org.springframework.security.web.header.HeaderWriterFilter@4a0c04ab, org.springframework.web.filter.CorsFilter@3331800f, org.springframework.security.web.authentication.logout.LogoutFilter@59bbf82e, com.airconsole.wm_cms.security.JwtAuthenticationFilter@446dacf9, org.springframework.security.web.savedrequest.RequestCacheAwareFilter@40199d5e, org.springframework.security.web.servletapi.SecurityContextHolderAwareRequestFilter@c31419f, org.springframework.security.web.authentication.AnonymousAuthenticationFilter@c414eb3, org.springframework.security.web.session.SessionManagementFilter@e460ca1, org.springframework.security.web.access.ExceptionTranslationFilter@c14bbab, org.springframework.security.web.access.intercept.FilterSecurityInterceptor@1ce8084a]
2020-10-04 14:07:42,748 INFO o.s.s.c.ExecutorConfigurationSupport:171 [main] Initializing ExecutorService 'applicationTaskExecutor'
2020-10-04 14:07:42,998 INFO o.a.j.l.DirectJDKLog:173 [main] Starting ProtocolHandler ["http-nio-8200"]
2020-10-04 14:07:43,025 INFO o.s.b.w.e.t.TomcatWebServer:202 [main] Tomcat started on port(s): 8200 (http) with context path ''
2020-10-04 14:07:43,028 INFO o.s.b.StartupInfoLogger:59 [main] Started MainApplication in 7.328 seconds (JVM running for 8.944)
2020-10-04 14:07:52,238 INFO o.a.j.l.DirectJDKLog:173 [http-nio-8200-exec-2] Initializing Spring DispatcherServlet 'dispatcherServlet'
2020-10-04 14:07:52,238 INFO o.s.w.s.FrameworkServlet:524 [http-nio-8200-exec-2] Initializing Servlet 'dispatcherServlet'
2020-10-04 14:07:52,257 INFO o.s.w.s.FrameworkServlet:546 [http-nio-8200-exec-2] Completed initialization in 18 ms
2020-10-04 14:07:52,442 DEBUG o.h.e.j.s.SqlStatementLogger:94 [http-nio-8200-exec-2] select user0_.id as id1_8_0_, user0_.create_at as create_a2_8_0_, user0_.create_by as create_b3_8_0_, user0_.email as email4_8_0_, user0_.is_admin as is_admin5_8_0_, user0_.name as name6_8_0_, user0_.password as password7_8_0_, user0_.update_at as update_a8_8_0_, user0_.update_by as update_b9_8_0_, user0_.username as usernam10_8_0_ from user user0_ where user0_.id=?
2020-10-04 14:07:52,492 DEBUG o.h.e.j.s.SqlStatementLogger:94 [http-nio-8200-exec-2] select groupusers0_.user_id as user_id1_2_0_, groupusers0_.group_id as group_id2_2_0_, groupusers0_.user_id as user_id1_2_1_, groupusers0_.group_id as group_id2_2_1_, groupusers0_.create_at as create_a3_2_1_, groupusers0_.create_by as create_b4_2_1_, group1_.id as id1_0_2_, group1_.create_at as create_a2_0_2_, group1_.create_by as create_b3_0_2_, group1_.description as descript4_0_2_, group1_.name as name5_0_2_, group1_.status as status6_0_2_, group1_.update_at as update_a7_0_2_, group1_.update_by as update_b8_0_2_ from group_user groupusers0_ inner join _group group1_ on groupusers0_.group_id=group1_.id where groupusers0_.user_id=?
2020-10-04 14:07:52,501 DEBUG o.h.e.j.s.SqlStatementLogger:94 [http-nio-8200-exec-2] select grouppager0_.group_id as group_id3_1_0_, grouppager0_.role_id as role_id1_1_0_, grouppager0_.page_id as page_id2_1_0_, grouppager0_.role_id as role_id1_1_1_, grouppager0_.page_id as page_id2_1_1_, grouppager0_.group_id as group_id3_1_1_, page1_.id as id1_5_2_, page1_.icon as icon2_5_2_, page1_.menu_index as menu_ind3_5_2_, page1_.name as name4_5_2_, page1_.parent_id as parent_i5_5_2_, page1_.url as url6_5_2_, role2_.id as id1_7_3_, role2_.code as code2_7_3_, role2_.name as name3_7_3_, role2_.status as status4_7_3_ from group_page_role grouppager0_ inner join page page1_ on grouppager0_.page_id=page1_.id inner join role role2_ on grouppager0_.role_id=role2_.id where grouppager0_.group_id=?
2020-10-04 14:07:52,535 DEBUG o.s.w.f.CommonsRequestLoggingFilter:47 [http-nio-8200-exec-2] Before request [uri=/api/questions]
2020-10-04 14:07:52,590 INFO o.h.h.i.QueryTranslatorFactoryInitiator:47 [http-nio-8200-exec-2] HHH000397: Using ASTQueryTranslatorFactory
2020-10-04 14:07:52,672 DEBUG o.h.e.j.s.SqlStatementLogger:94 [http-nio-8200-exec-2] select question0_.id as id1_6_, question0_.create_at as create_a2_6_, question0_.create_by as create_b3_6_, question0_.info as info4_6_, question0_.mile_stone as mile_sto5_6_, question0_.name as name6_6_, question0_.next_id as next_id7_6_, question0_.status as status8_6_, question0_.update_at as update_a9_6_, question0_.update_by as update_10_6_ from question question0_ order by question0_.create_at desc limit ?
2020-10-04 14:07:52,838 DEBUG o.s.w.f.CommonsRequestLoggingFilter:55 [http-nio-8200-exec-2] ==> New request: uri=/api/questions]
2020-10-04 14:10:02,008 INFO o.s.b.StartupInfoLogger:50 [main] Starting MainApplication on msi_ducpt with PID 14452 (F:\Project\AirConsole\Developer\S-JAVA-WM_CMS\target\classes started by MSI in F:\Project\AirConsole\Developer\S-JAVA-WM_CMS)
2020-10-04 14:10:02,014 INFO o.s.b.SpringApplication:647 [main] No active profile set, falling back to default profiles: default
2020-10-04 14:10:03,258 INFO o.s.d.r.c.RepositoryConfigurationDelegate:126 [main] Bootstrapping Spring Data repositories in DEFAULT mode.
2020-10-04 14:10:03,346 INFO o.s.d.r.c.RepositoryConfigurationDelegate:182 [main] Finished Spring Data repository scanning in 78ms. Found 2 repository interfaces.
2020-10-04 14:10:03,732 INFO o.s.c.s.PostProcessorRegistrationDelegate$BeanPostProcessorChecker:330 [main] Bean 'org.springframework.transaction.annotation.ProxyTransactionManagementConfiguration' of type [org.springframework.transaction.annotation.ProxyTransactionManagementConfiguration$$EnhancerBySpringCGLIB$$e09736cb] is not eligible for getting processed by all BeanPostProcessors (for example: not eligible for auto-proxying)
2020-10-04 14:10:03,774 INFO o.s.c.s.PostProcessorRegistrationDelegate$BeanPostProcessorChecker:330 [main] Bean 'org.springframework.security.config.annotation.configuration.ObjectPostProcessorConfiguration' of type [org.springframework.security.config.annotation.configuration.ObjectPostProcessorConfiguration$$EnhancerBySpringCGLIB$$7944ff05] is not eligible for getting processed by all BeanPostProcessors (for example: not eligible for auto-proxying)
2020-10-04 14:10:03,781 INFO o.s.c.s.PostProcessorRegistrationDelegate$BeanPostProcessorChecker:330 [main] Bean 'objectPostProcessor' of type [org.springframework.security.config.annotation.configuration.AutowireBeanFactoryObjectPostProcessor] is not eligible for getting processed by all BeanPostProcessors (for example: not eligible for auto-proxying)
2020-10-04 14:10:03,784 INFO o.s.c.s.PostProcessorRegistrationDelegate$BeanPostProcessorChecker:330 [main] Bean 'org.springframework.security.access.expression.method.DefaultMethodSecurityExpressionHandler@671d1157' of type [org.springframework.security.access.expression.method.DefaultMethodSecurityExpressionHandler] is not eligible for getting processed by all BeanPostProcessors (for example: not eligible for auto-proxying)
2020-10-04 14:10:03,787 INFO o.s.c.s.PostProcessorRegistrationDelegate$BeanPostProcessorChecker:330 [main] Bean 'org.springframework.security.config.annotation.method.configuration.GlobalMethodSecurityConfiguration' of type [org.springframework.security.config.annotation.method.configuration.GlobalMethodSecurityConfiguration$$EnhancerBySpringCGLIB$$9e19a1b7] is not eligible for getting processed by all BeanPostProcessors (for example: not eligible for auto-proxying)
2020-10-04 14:10:03,794 INFO o.s.c.s.PostProcessorRegistrationDelegate$BeanPostProcessorChecker:330 [main] Bean 'org.springframework.security.config.annotation.method.configuration.Jsr250MetadataSourceConfiguration' of type [org.springframework.security.config.annotation.method.configuration.Jsr250MetadataSourceConfiguration$$EnhancerBySpringCGLIB$$c36eb9cd] is not eligible for getting processed by all BeanPostProcessors (for example: not eligible for auto-proxying)
2020-10-04 14:10:03,799 INFO o.s.c.s.PostProcessorRegistrationDelegate$BeanPostProcessorChecker:330 [main] Bean 'jsr250MethodSecurityMetadataSource' of type [org.springframework.security.access.annotation.Jsr250MethodSecurityMetadataSource] is not eligible for getting processed by all BeanPostProcessors (for example: not eligible for auto-proxying)
2020-10-04 14:10:03,801 INFO o.s.c.s.PostProcessorRegistrationDelegate$BeanPostProcessorChecker:330 [main] Bean 'methodSecurityMetadataSource' of type [org.springframework.security.access.method.DelegatingMethodSecurityMetadataSource] is not eligible for getting processed by all BeanPostProcessors (for example: not eligible for auto-proxying)
2020-10-04 14:10:04,131 INFO o.s.b.w.e.t.TomcatWebServer:90 [main] Tomcat initialized with port(s): 8200 (http)
2020-10-04 14:10:04,150 INFO o.a.j.l.DirectJDKLog:173 [main] Initializing ProtocolHandler ["http-nio-8200"]
2020-10-04 14:10:04,162 INFO o.a.j.l.DirectJDKLog:173 [main] Starting service [Tomcat]
2020-10-04 14:10:04,162 INFO o.a.j.l.DirectJDKLog:173 [main] Starting Servlet engine: [Apache Tomcat/9.0.22]
2020-10-04 14:10:04,292 INFO o.a.j.l.DirectJDKLog:173 [main] Initializing Spring embedded WebApplicationContext
2020-10-04 14:10:04,293 INFO o.s.b.w.s.c.ServletWebServerApplicationContext:284 [main] Root WebApplicationContext: initialization completed in 2235 ms
2020-10-04 14:10:04,648 INFO c.z.h.HikariDataSource:110 [main] HikariPool-1 - Starting...
2020-10-04 14:10:04,788 INFO c.z.h.HikariDataSource:123 [main] HikariPool-1 - Start completed.
2020-10-04 14:10:04,848 INFO o.h.j.i.u.LogHelper:31 [main] HHH000204: Processing PersistenceUnitInfo [
	name: default
	...]
2020-10-04 14:10:04,935 INFO o.h.Version:46 [main] HHH000412: Hibernate Core {5.3.10.Final}
2020-10-04 14:10:04,938 INFO o.h.c.Environment:213 [main] HHH000206: hibernate.properties not found
2020-10-04 14:10:05,067 INFO o.h.a.c.r.j.JavaReflectionManager:49 [main] HCANN000001: Hibernate Commons Annotations {5.0.4.Final}
2020-10-04 14:10:05,208 INFO o.h.d.Dialect:157 [main] HHH000400: Using dialect: org.hibernate.dialect.MySQL5InnoDBDialect
2020-10-04 14:10:06,021 ERROR o.h.m.i.MetadataContext:470 [main] HHH015007: Illegal argument on static metamodel field injection : com.airconsole.wm_cms.model.entities.User_#groupUsersById; expected type :  org.hibernate.metamodel.internal.PluralAttributeImpl$CollectionAttributeImpl; encountered type : javax.persistence.metamodel.SingularAttribute
2020-10-04 14:10:06,480 INFO o.s.o.j.AbstractEntityManagerFactoryBean:415 [main] Initialized JPA EntityManagerFactory for persistence unit 'default'
2020-10-04 14:10:07,023 DEBUG o.s.w.f.GenericFilterBean:241 [main] Filter 'logFilter' configured for use
2020-10-04 14:10:07,466 WARN o.s.b.a.o.j.JpaBaseConfiguration$JpaWebConfiguration$JpaWebMvcConfiguration:226 [main] spring.jpa.open-in-view is enabled by default. Therefore, database queries may be performed during view rendering. Explicitly configure spring.jpa.open-in-view to disable this warning
2020-10-04 14:10:07,616 INFO o.s.s.w.DefaultSecurityFilterChain:43 [main] Creating filter chain: any request, [org.springframework.security.web.context.request.async.WebAsyncManagerIntegrationFilter@22c4354d, org.springframework.security.web.context.SecurityContextPersistenceFilter@1c3a64b6, org.springframework.security.web.header.HeaderWriterFilter@20a116a0, org.springframework.web.filter.CorsFilter@2681185e, org.springframework.security.web.authentication.logout.LogoutFilter@634d3439, com.airconsole.wm_cms.security.JwtAuthenticationFilter@90394d, org.springframework.security.web.savedrequest.RequestCacheAwareFilter@20e9c165, org.springframework.security.web.servletapi.SecurityContextHolderAwareRequestFilter@42a7e7e1, org.springframework.security.web.authentication.AnonymousAuthenticationFilter@41f5389f, org.springframework.security.web.session.SessionManagementFilter@43e2b8da, org.springframework.security.web.access.ExceptionTranslationFilter@7a13ad55, org.springframework.security.web.access.intercept.FilterSecurityInterceptor@64921450]
2020-10-04 14:10:07,787 INFO o.s.s.c.ExecutorConfigurationSupport:171 [main] Initializing ExecutorService 'applicationTaskExecutor'
2020-10-04 14:10:07,990 INFO o.a.j.l.DirectJDKLog:173 [main] Starting ProtocolHandler ["http-nio-8200"]
2020-10-04 14:10:08,019 INFO o.s.b.w.e.t.TomcatWebServer:202 [main] Tomcat started on port(s): 8200 (http) with context path ''
2020-10-04 14:10:08,021 INFO o.s.b.StartupInfoLogger:59 [main] Started MainApplication in 6.431 seconds (JVM running for 7.922)
2020-10-04 14:10:14,591 INFO o.a.j.l.DirectJDKLog:173 [http-nio-8200-exec-1] Initializing Spring DispatcherServlet 'dispatcherServlet'
2020-10-04 14:10:14,592 INFO o.s.w.s.FrameworkServlet:524 [http-nio-8200-exec-1] Initializing Servlet 'dispatcherServlet'
2020-10-04 14:10:14,606 INFO o.s.w.s.FrameworkServlet:546 [http-nio-8200-exec-1] Completed initialization in 14 ms
2020-10-04 14:10:14,774 DEBUG o.h.e.j.s.SqlStatementLogger:94 [http-nio-8200-exec-1] select user0_.id as id1_8_0_, user0_.create_at as create_a2_8_0_, user0_.create_by as create_b3_8_0_, user0_.email as email4_8_0_, user0_.is_admin as is_admin5_8_0_, user0_.name as name6_8_0_, user0_.password as password7_8_0_, user0_.update_at as update_a8_8_0_, user0_.update_by as update_b9_8_0_, user0_.username as usernam10_8_0_ from user user0_ where user0_.id=?
2020-10-04 14:10:14,819 DEBUG o.h.e.j.s.SqlStatementLogger:94 [http-nio-8200-exec-1] select groupusers0_.user_id as user_id1_2_0_, groupusers0_.group_id as group_id2_2_0_, groupusers0_.user_id as user_id1_2_1_, groupusers0_.group_id as group_id2_2_1_, groupusers0_.create_at as create_a3_2_1_, groupusers0_.create_by as create_b4_2_1_, group1_.id as id1_0_2_, group1_.create_at as create_a2_0_2_, group1_.create_by as create_b3_0_2_, group1_.description as descript4_0_2_, group1_.name as name5_0_2_, group1_.status as status6_0_2_, group1_.update_at as update_a7_0_2_, group1_.update_by as update_b8_0_2_ from group_user groupusers0_ inner join _group group1_ on groupusers0_.group_id=group1_.id where groupusers0_.user_id=?
2020-10-04 14:10:14,825 DEBUG o.h.e.j.s.SqlStatementLogger:94 [http-nio-8200-exec-1] select grouppager0_.group_id as group_id3_1_0_, grouppager0_.role_id as role_id1_1_0_, grouppager0_.page_id as page_id2_1_0_, grouppager0_.role_id as role_id1_1_1_, grouppager0_.page_id as page_id2_1_1_, grouppager0_.group_id as group_id3_1_1_, page1_.id as id1_5_2_, page1_.icon as icon2_5_2_, page1_.menu_index as menu_ind3_5_2_, page1_.name as name4_5_2_, page1_.parent_id as parent_i5_5_2_, page1_.url as url6_5_2_, role2_.id as id1_7_3_, role2_.code as code2_7_3_, role2_.name as name3_7_3_, role2_.status as status4_7_3_ from group_page_role grouppager0_ inner join page page1_ on grouppager0_.page_id=page1_.id inner join role role2_ on grouppager0_.role_id=role2_.id where grouppager0_.group_id=?
2020-10-04 14:10:14,867 DEBUG o.s.w.f.CommonsRequestLoggingFilter:47 [http-nio-8200-exec-1] Before request [uri=/api/questions]
2020-10-04 14:10:14,918 INFO o.h.h.i.QueryTranslatorFactoryInitiator:47 [http-nio-8200-exec-1] HHH000397: Using ASTQueryTranslatorFactory
2020-10-04 14:10:14,998 DEBUG o.h.e.j.s.SqlStatementLogger:94 [http-nio-8200-exec-1] select question0_.id as id1_6_, question0_.create_at as create_a2_6_, question0_.create_by as create_b3_6_, question0_.info as info4_6_, question0_.mile_stone as mile_sto5_6_, question0_.name as name6_6_, question0_.next_id as next_id7_6_, question0_.status as status8_6_, question0_.update_at as update_a9_6_, question0_.update_by as update_10_6_ from question question0_ order by question0_.create_at desc limit ?
2020-10-04 14:10:15,114 DEBUG o.s.w.f.CommonsRequestLoggingFilter:55 [http-nio-8200-exec-1] ==> New request: uri=/api/questions]
2020-10-04 14:11:53,838 INFO o.s.b.StartupInfoLogger:50 [main] Starting MainApplication on msi_ducpt with PID 9764 (F:\Project\AirConsole\Developer\S-JAVA-WM_CMS\target\classes started by MSI in F:\Project\AirConsole\Developer\S-JAVA-WM_CMS)
2020-10-04 14:11:53,841 INFO o.s.b.SpringApplication:647 [main] No active profile set, falling back to default profiles: default
2020-10-04 14:11:55,082 INFO o.s.d.r.c.RepositoryConfigurationDelegate:126 [main] Bootstrapping Spring Data repositories in DEFAULT mode.
2020-10-04 14:11:55,192 INFO o.s.d.r.c.RepositoryConfigurationDelegate:182 [main] Finished Spring Data repository scanning in 99ms. Found 2 repository interfaces.
2020-10-04 14:11:55,571 INFO o.s.c.s.PostProcessorRegistrationDelegate$BeanPostProcessorChecker:330 [main] Bean 'org.springframework.transaction.annotation.ProxyTransactionManagementConfiguration' of type [org.springframework.transaction.annotation.ProxyTransactionManagementConfiguration$$EnhancerBySpringCGLIB$$20476b87] is not eligible for getting processed by all BeanPostProcessors (for example: not eligible for auto-proxying)
2020-10-04 14:11:55,631 INFO o.s.c.s.PostProcessorRegistrationDelegate$BeanPostProcessorChecker:330 [main] Bean 'org.springframework.security.config.annotation.configuration.ObjectPostProcessorConfiguration' of type [org.springframework.security.config.annotation.configuration.ObjectPostProcessorConfiguration$$EnhancerBySpringCGLIB$$b8f533c1] is not eligible for getting processed by all BeanPostProcessors (for example: not eligible for auto-proxying)
2020-10-04 14:11:55,637 INFO o.s.c.s.PostProcessorRegistrationDelegate$BeanPostProcessorChecker:330 [main] Bean 'objectPostProcessor' of type [org.springframework.security.config.annotation.configuration.AutowireBeanFactoryObjectPostProcessor] is not eligible for getting processed by all BeanPostProcessors (for example: not eligible for auto-proxying)
2020-10-04 14:11:55,639 INFO o.s.c.s.PostProcessorRegistrationDelegate$BeanPostProcessorChecker:330 [main] Bean 'org.springframework.security.access.expression.method.DefaultMethodSecurityExpressionHandler@176996c3' of type [org.springframework.security.access.expression.method.DefaultMethodSecurityExpressionHandler] is not eligible for getting processed by all BeanPostProcessors (for example: not eligible for auto-proxying)
2020-10-04 14:11:55,642 INFO o.s.c.s.PostProcessorRegistrationDelegate$BeanPostProcessorChecker:330 [main] Bean 'org.springframework.security.config.annotation.method.configuration.GlobalMethodSecurityConfiguration' of type [org.springframework.security.config.annotation.method.configuration.GlobalMethodSecurityConfiguration$$EnhancerBySpringCGLIB$$ddc9d673] is not eligible for getting processed by all BeanPostProcessors (for example: not eligible for auto-proxying)
2020-10-04 14:11:55,652 INFO o.s.c.s.PostProcessorRegistrationDelegate$BeanPostProcessorChecker:330 [main] Bean 'org.springframework.security.config.annotation.method.configuration.Jsr250MetadataSourceConfiguration' of type [org.springframework.security.config.annotation.method.configuration.Jsr250MetadataSourceConfiguration$$EnhancerBySpringCGLIB$$31eee89] is not eligible for getting processed by all BeanPostProcessors (for example: not eligible for auto-proxying)
2020-10-04 14:11:55,655 INFO o.s.c.s.PostProcessorRegistrationDelegate$BeanPostProcessorChecker:330 [main] Bean 'jsr250MethodSecurityMetadataSource' of type [org.springframework.security.access.annotation.Jsr250MethodSecurityMetadataSource] is not eligible for getting processed by all BeanPostProcessors (for example: not eligible for auto-proxying)
2020-10-04 14:11:55,656 INFO o.s.c.s.PostProcessorRegistrationDelegate$BeanPostProcessorChecker:330 [main] Bean 'methodSecurityMetadataSource' of type [org.springframework.security.access.method.DelegatingMethodSecurityMetadataSource] is not eligible for getting processed by all BeanPostProcessors (for example: not eligible for auto-proxying)
2020-10-04 14:11:56,072 INFO o.s.b.w.e.t.TomcatWebServer:90 [main] Tomcat initialized with port(s): 8200 (http)
2020-10-04 14:11:56,107 INFO o.a.j.l.DirectJDKLog:173 [main] Initializing ProtocolHandler ["http-nio-8200"]
2020-10-04 14:11:56,122 INFO o.a.j.l.DirectJDKLog:173 [main] Starting service [Tomcat]
2020-10-04 14:11:56,123 INFO o.a.j.l.DirectJDKLog:173 [main] Starting Servlet engine: [Apache Tomcat/9.0.22]
2020-10-04 14:11:56,274 INFO o.a.j.l.DirectJDKLog:173 [main] Initializing Spring embedded WebApplicationContext
2020-10-04 14:11:56,274 INFO o.s.b.w.s.c.ServletWebServerApplicationContext:284 [main] Root WebApplicationContext: initialization completed in 2375 ms
2020-10-04 14:11:56,647 INFO c.z.h.HikariDataSource:110 [main] HikariPool-1 - Starting...
2020-10-04 14:11:56,781 INFO c.z.h.HikariDataSource:123 [main] HikariPool-1 - Start completed.
2020-10-04 14:11:56,839 INFO o.h.j.i.u.LogHelper:31 [main] HHH000204: Processing PersistenceUnitInfo [
	name: default
	...]
2020-10-04 14:11:56,921 INFO o.h.Version:46 [main] HHH000412: Hibernate Core {5.3.10.Final}
2020-10-04 14:11:56,923 INFO o.h.c.Environment:213 [main] HHH000206: hibernate.properties not found
2020-10-04 14:11:57,048 INFO o.h.a.c.r.j.JavaReflectionManager:49 [main] HCANN000001: Hibernate Commons Annotations {5.0.4.Final}
2020-10-04 14:11:57,199 INFO o.h.d.Dialect:157 [main] HHH000400: Using dialect: org.hibernate.dialect.MySQL5InnoDBDialect
2020-10-04 14:11:58,038 ERROR o.h.m.i.MetadataContext:470 [main] HHH015007: Illegal argument on static metamodel field injection : com.airconsole.wm_cms.model.entities.User_#groupUsersById; expected type :  org.hibernate.metamodel.internal.PluralAttributeImpl$CollectionAttributeImpl; encountered type : javax.persistence.metamodel.SingularAttribute
2020-10-04 14:11:58,501 INFO o.s.o.j.AbstractEntityManagerFactoryBean:415 [main] Initialized JPA EntityManagerFactory for persistence unit 'default'
2020-10-04 14:11:58,915 DEBUG o.s.w.f.GenericFilterBean:241 [main] Filter 'logFilter' configured for use
2020-10-04 14:11:59,238 WARN o.s.b.a.o.j.JpaBaseConfiguration$JpaWebConfiguration$JpaWebMvcConfiguration:226 [main] spring.jpa.open-in-view is enabled by default. Therefore, database queries may be performed during view rendering. Explicitly configure spring.jpa.open-in-view to disable this warning
2020-10-04 14:11:59,385 INFO o.s.s.w.DefaultSecurityFilterChain:43 [main] Creating filter chain: any request, [org.springframework.security.web.context.request.async.WebAsyncManagerIntegrationFilter@257d3968, org.springframework.security.web.context.SecurityContextPersistenceFilter@7e84a52b, org.springframework.security.web.header.HeaderWriterFilter@453439e, org.springframework.web.filter.CorsFilter@23cfdfa2, org.springframework.security.web.authentication.logout.LogoutFilter@75b3ef1a, com.airconsole.wm_cms.security.JwtAuthenticationFilter@446dacf9, org.springframework.security.web.savedrequest.RequestCacheAwareFilter@5693d1d2, org.springframework.security.web.servletapi.SecurityContextHolderAwareRequestFilter@43dddfdd, org.springframework.security.web.authentication.AnonymousAuthenticationFilter@1e09c0b, org.springframework.security.web.session.SessionManagementFilter@411ae0d7, org.springframework.security.web.access.ExceptionTranslationFilter@72c5064f, org.springframework.security.web.access.intercept.FilterSecurityInterceptor@10b5ff4d]
2020-10-04 14:11:59,574 INFO o.s.s.c.ExecutorConfigurationSupport:171 [main] Initializing ExecutorService 'applicationTaskExecutor'
2020-10-04 14:11:59,818 INFO o.a.j.l.DirectJDKLog:173 [main] Starting ProtocolHandler ["http-nio-8200"]
2020-10-04 14:11:59,843 INFO o.s.b.w.e.t.TomcatWebServer:202 [main] Tomcat started on port(s): 8200 (http) with context path ''
2020-10-04 14:11:59,847 INFO o.s.b.StartupInfoLogger:59 [main] Started MainApplication in 6.448 seconds (JVM running for 7.948)
2020-10-04 14:12:02,875 INFO o.a.j.l.DirectJDKLog:173 [http-nio-8200-exec-2] Initializing Spring DispatcherServlet 'dispatcherServlet'
2020-10-04 14:12:02,876 INFO o.s.w.s.FrameworkServlet:524 [http-nio-8200-exec-2] Initializing Servlet 'dispatcherServlet'
2020-10-04 14:12:02,892 INFO o.s.w.s.FrameworkServlet:546 [http-nio-8200-exec-2] Completed initialization in 16 ms
2020-10-04 14:12:03,060 DEBUG o.h.e.j.s.SqlStatementLogger:94 [http-nio-8200-exec-2] select user0_.id as id1_8_0_, user0_.create_at as create_a2_8_0_, user0_.create_by as create_b3_8_0_, user0_.email as email4_8_0_, user0_.is_admin as is_admin5_8_0_, user0_.name as name6_8_0_, user0_.password as password7_8_0_, user0_.update_at as update_a8_8_0_, user0_.update_by as update_b9_8_0_, user0_.username as usernam10_8_0_ from user user0_ where user0_.id=?
2020-10-04 14:12:03,114 DEBUG o.h.e.j.s.SqlStatementLogger:94 [http-nio-8200-exec-2] select groupusers0_.user_id as user_id1_2_0_, groupusers0_.group_id as group_id2_2_0_, groupusers0_.user_id as user_id1_2_1_, groupusers0_.group_id as group_id2_2_1_, groupusers0_.create_at as create_a3_2_1_, groupusers0_.create_by as create_b4_2_1_, group1_.id as id1_0_2_, group1_.create_at as create_a2_0_2_, group1_.create_by as create_b3_0_2_, group1_.description as descript4_0_2_, group1_.name as name5_0_2_, group1_.status as status6_0_2_, group1_.update_at as update_a7_0_2_, group1_.update_by as update_b8_0_2_ from group_user groupusers0_ inner join _group group1_ on groupusers0_.group_id=group1_.id where groupusers0_.user_id=?
2020-10-04 14:12:03,122 DEBUG o.h.e.j.s.SqlStatementLogger:94 [http-nio-8200-exec-2] select grouppager0_.group_id as group_id3_1_0_, grouppager0_.role_id as role_id1_1_0_, grouppager0_.page_id as page_id2_1_0_, grouppager0_.role_id as role_id1_1_1_, grouppager0_.page_id as page_id2_1_1_, grouppager0_.group_id as group_id3_1_1_, page1_.id as id1_5_2_, page1_.icon as icon2_5_2_, page1_.menu_index as menu_ind3_5_2_, page1_.name as name4_5_2_, page1_.parent_id as parent_i5_5_2_, page1_.url as url6_5_2_, role2_.id as id1_7_3_, role2_.code as code2_7_3_, role2_.name as name3_7_3_, role2_.status as status4_7_3_ from group_page_role grouppager0_ inner join page page1_ on grouppager0_.page_id=page1_.id inner join role role2_ on grouppager0_.role_id=role2_.id where grouppager0_.group_id=?
2020-10-04 14:12:03,160 DEBUG o.s.w.f.CommonsRequestLoggingFilter:47 [http-nio-8200-exec-2] Before request [uri=/api/questions]
2020-10-04 14:12:03,218 INFO o.h.h.i.QueryTranslatorFactoryInitiator:47 [http-nio-8200-exec-2] HHH000397: Using ASTQueryTranslatorFactory
2020-10-04 14:12:03,302 DEBUG o.h.e.j.s.SqlStatementLogger:94 [http-nio-8200-exec-2] select question0_.id as id1_6_, question0_.create_at as create_a2_6_, question0_.create_by as create_b3_6_, question0_.info as info4_6_, question0_.mile_stone as mile_sto5_6_, question0_.name as name6_6_, question0_.next_id as next_id7_6_, question0_.status as status8_6_, question0_.update_at as update_a9_6_, question0_.update_by as update_10_6_ from question question0_ order by question0_.create_at desc limit ?
2020-10-04 14:12:03,321 DEBUG o.h.e.j.s.SqlStatementLogger:94 [http-nio-8200-exec-2] select answersbyi0_.id_question as id_quest2_4_0_, answersbyi0_.id as id1_4_0_, answersbyi0_.id as id1_4_1_, answersbyi0_.id_question as id_quest2_4_1_, answersbyi0_.name as name3_4_1_, answersbyi0_.is_true as is_true4_4_1_ from answer answersbyi0_ where answersbyi0_.id_question=?
2020-10-04 14:12:03,325 DEBUG o.h.e.j.s.SqlStatementLogger:94 [http-nio-8200-exec-2] select answersbyi0_.id_question as id_quest2_4_0_, answersbyi0_.id as id1_4_0_, answersbyi0_.id as id1_4_1_, answersbyi0_.id_question as id_quest2_4_1_, answersbyi0_.name as name3_4_1_, answersbyi0_.is_true as is_true4_4_1_ from answer answersbyi0_ where answersbyi0_.id_question=?
2020-10-04 14:12:03,328 DEBUG o.h.e.j.s.SqlStatementLogger:94 [http-nio-8200-exec-2] select answersbyi0_.id_question as id_quest2_4_0_, answersbyi0_.id as id1_4_0_, answersbyi0_.id as id1_4_1_, answersbyi0_.id_question as id_quest2_4_1_, answersbyi0_.name as name3_4_1_, answersbyi0_.is_true as is_true4_4_1_ from answer answersbyi0_ where answersbyi0_.id_question=?
2020-10-04 14:12:03,333 DEBUG o.h.e.j.s.SqlStatementLogger:94 [http-nio-8200-exec-2] select answersbyi0_.id_question as id_quest2_4_0_, answersbyi0_.id as id1_4_0_, answersbyi0_.id as id1_4_1_, answersbyi0_.id_question as id_quest2_4_1_, answersbyi0_.name as name3_4_1_, answersbyi0_.is_true as is_true4_4_1_ from answer answersbyi0_ where answersbyi0_.id_question=?
2020-10-04 14:12:03,337 DEBUG o.h.e.j.s.SqlStatementLogger:94 [http-nio-8200-exec-2] select answersbyi0_.id_question as id_quest2_4_0_, answersbyi0_.id as id1_4_0_, answersbyi0_.id as id1_4_1_, answersbyi0_.id_question as id_quest2_4_1_, answersbyi0_.name as name3_4_1_, answersbyi0_.is_true as is_true4_4_1_ from answer answersbyi0_ where answersbyi0_.id_question=?
2020-10-04 14:12:03,339 DEBUG o.h.e.j.s.SqlStatementLogger:94 [http-nio-8200-exec-2] select answersbyi0_.id_question as id_quest2_4_0_, answersbyi0_.id as id1_4_0_, answersbyi0_.id as id1_4_1_, answersbyi0_.id_question as id_quest2_4_1_, answersbyi0_.name as name3_4_1_, answersbyi0_.is_true as is_true4_4_1_ from answer answersbyi0_ where answersbyi0_.id_question=?
2020-10-04 14:12:03,341 DEBUG o.h.e.j.s.SqlStatementLogger:94 [http-nio-8200-exec-2] select answersbyi0_.id_question as id_quest2_4_0_, answersbyi0_.id as id1_4_0_, answersbyi0_.id as id1_4_1_, answersbyi0_.id_question as id_quest2_4_1_, answersbyi0_.name as name3_4_1_, answersbyi0_.is_true as is_true4_4_1_ from answer answersbyi0_ where answersbyi0_.id_question=?
2020-10-04 14:12:03,343 DEBUG o.h.e.j.s.SqlStatementLogger:94 [http-nio-8200-exec-2] select answersbyi0_.id_question as id_quest2_4_0_, answersbyi0_.id as id1_4_0_, answersbyi0_.id as id1_4_1_, answersbyi0_.id_question as id_quest2_4_1_, answersbyi0_.name as name3_4_1_, answersbyi0_.is_true as is_true4_4_1_ from answer answersbyi0_ where answersbyi0_.id_question=?
2020-10-04 14:12:03,349 DEBUG o.h.e.j.s.SqlStatementLogger:94 [http-nio-8200-exec-2] select answersbyi0_.id_question as id_quest2_4_0_, answersbyi0_.id as id1_4_0_, answersbyi0_.id as id1_4_1_, answersbyi0_.id_question as id_quest2_4_1_, answersbyi0_.name as name3_4_1_, answersbyi0_.is_true as is_true4_4_1_ from answer answersbyi0_ where answersbyi0_.id_question=?
2020-10-04 14:12:03,351 DEBUG o.h.e.j.s.SqlStatementLogger:94 [http-nio-8200-exec-2] select answersbyi0_.id_question as id_quest2_4_0_, answersbyi0_.id as id1_4_0_, answersbyi0_.id as id1_4_1_, answersbyi0_.id_question as id_quest2_4_1_, answersbyi0_.name as name3_4_1_, answersbyi0_.is_true as is_true4_4_1_ from answer answersbyi0_ where answersbyi0_.id_question=?
2020-10-04 14:12:03,353 DEBUG o.h.e.j.s.SqlStatementLogger:94 [http-nio-8200-exec-2] select answersbyi0_.id_question as id_quest2_4_0_, answersbyi0_.id as id1_4_0_, answersbyi0_.id as id1_4_1_, answersbyi0_.id_question as id_quest2_4_1_, answersbyi0_.name as name3_4_1_, answersbyi0_.is_true as is_true4_4_1_ from answer answersbyi0_ where answersbyi0_.id_question=?
2020-10-04 14:12:03,357 DEBUG o.h.e.j.s.SqlStatementLogger:94 [http-nio-8200-exec-2] select answersbyi0_.id_question as id_quest2_4_0_, answersbyi0_.id as id1_4_0_, answersbyi0_.id as id1_4_1_, answersbyi0_.id_question as id_quest2_4_1_, answersbyi0_.name as name3_4_1_, answersbyi0_.is_true as is_true4_4_1_ from answer answersbyi0_ where answersbyi0_.id_question=?
2020-10-04 14:12:03,359 DEBUG o.h.e.j.s.SqlStatementLogger:94 [http-nio-8200-exec-2] select answersbyi0_.id_question as id_quest2_4_0_, answersbyi0_.id as id1_4_0_, answersbyi0_.id as id1_4_1_, answersbyi0_.id_question as id_quest2_4_1_, answersbyi0_.name as name3_4_1_, answersbyi0_.is_true as is_true4_4_1_ from answer answersbyi0_ where answersbyi0_.id_question=?
2020-10-04 14:12:03,363 DEBUG o.h.e.j.s.SqlStatementLogger:94 [http-nio-8200-exec-2] select answersbyi0_.id_question as id_quest2_4_0_, answersbyi0_.id as id1_4_0_, answersbyi0_.id as id1_4_1_, answersbyi0_.id_question as id_quest2_4_1_, answersbyi0_.name as name3_4_1_, answersbyi0_.is_true as is_true4_4_1_ from answer answersbyi0_ where answersbyi0_.id_question=?
2020-10-04 14:12:03,367 DEBUG o.h.e.j.s.SqlStatementLogger:94 [http-nio-8200-exec-2] select answersbyi0_.id_question as id_quest2_4_0_, answersbyi0_.id as id1_4_0_, answersbyi0_.id as id1_4_1_, answersbyi0_.id_question as id_quest2_4_1_, answersbyi0_.name as name3_4_1_, answersbyi0_.is_true as is_true4_4_1_ from answer answersbyi0_ where answersbyi0_.id_question=?
2020-10-04 14:12:03,370 DEBUG o.h.e.j.s.SqlStatementLogger:94 [http-nio-8200-exec-2] select answersbyi0_.id_question as id_quest2_4_0_, answersbyi0_.id as id1_4_0_, answersbyi0_.id as id1_4_1_, answersbyi0_.id_question as id_quest2_4_1_, answersbyi0_.name as name3_4_1_, answersbyi0_.is_true as is_true4_4_1_ from answer answersbyi0_ where answersbyi0_.id_question=?
2020-10-04 14:12:03,372 DEBUG o.h.e.j.s.SqlStatementLogger:94 [http-nio-8200-exec-2] select answersbyi0_.id_question as id_quest2_4_0_, answersbyi0_.id as id1_4_0_, answersbyi0_.id as id1_4_1_, answersbyi0_.id_question as id_quest2_4_1_, answersbyi0_.name as name3_4_1_, answersbyi0_.is_true as is_true4_4_1_ from answer answersbyi0_ where answersbyi0_.id_question=?
2020-10-04 14:12:03,373 DEBUG o.h.e.j.s.SqlStatementLogger:94 [http-nio-8200-exec-2] select answersbyi0_.id_question as id_quest2_4_0_, answersbyi0_.id as id1_4_0_, answersbyi0_.id as id1_4_1_, answersbyi0_.id_question as id_quest2_4_1_, answersbyi0_.name as name3_4_1_, answersbyi0_.is_true as is_true4_4_1_ from answer answersbyi0_ where answersbyi0_.id_question=?
2020-10-04 14:12:03,375 DEBUG o.h.e.j.s.SqlStatementLogger:94 [http-nio-8200-exec-2] select answersbyi0_.id_question as id_quest2_4_0_, answersbyi0_.id as id1_4_0_, answersbyi0_.id as id1_4_1_, answersbyi0_.id_question as id_quest2_4_1_, answersbyi0_.name as name3_4_1_, answersbyi0_.is_true as is_true4_4_1_ from answer answersbyi0_ where answersbyi0_.id_question=?
2020-10-04 14:12:03,380 DEBUG o.h.e.j.s.SqlStatementLogger:94 [http-nio-8200-exec-2] select answersbyi0_.id_question as id_quest2_4_0_, answersbyi0_.id as id1_4_0_, answersbyi0_.id as id1_4_1_, answersbyi0_.id_question as id_quest2_4_1_, answersbyi0_.name as name3_4_1_, answersbyi0_.is_true as is_true4_4_1_ from answer answersbyi0_ where answersbyi0_.id_question=?
2020-10-04 14:12:03,384 DEBUG o.h.e.j.s.SqlStatementLogger:94 [http-nio-8200-exec-2] select answersbyi0_.id_question as id_quest2_4_0_, answersbyi0_.id as id1_4_0_, answersbyi0_.id as id1_4_1_, answersbyi0_.id_question as id_quest2_4_1_, answersbyi0_.name as name3_4_1_, answersbyi0_.is_true as is_true4_4_1_ from answer answersbyi0_ where answersbyi0_.id_question=?
2020-10-04 14:12:03,490 DEBUG o.s.w.f.CommonsRequestLoggingFilter:55 [http-nio-8200-exec-2] ==> New request: uri=/api/questions]
2020-10-04 14:12:38,658 DEBUG o.h.e.j.s.SqlStatementLogger:94 [http-nio-8200-exec-3] select user0_.id as id1_8_0_, user0_.create_at as create_a2_8_0_, user0_.create_by as create_b3_8_0_, user0_.email as email4_8_0_, user0_.is_admin as is_admin5_8_0_, user0_.name as name6_8_0_, user0_.password as password7_8_0_, user0_.update_at as update_a8_8_0_, user0_.update_by as update_b9_8_0_, user0_.username as usernam10_8_0_ from user user0_ where user0_.id=?
2020-10-04 14:12:38,662 DEBUG o.h.e.j.s.SqlStatementLogger:94 [http-nio-8200-exec-3] select groupusers0_.user_id as user_id1_2_0_, groupusers0_.group_id as group_id2_2_0_, groupusers0_.user_id as user_id1_2_1_, groupusers0_.group_id as group_id2_2_1_, groupusers0_.create_at as create_a3_2_1_, groupusers0_.create_by as create_b4_2_1_, group1_.id as id1_0_2_, group1_.create_at as create_a2_0_2_, group1_.create_by as create_b3_0_2_, group1_.description as descript4_0_2_, group1_.name as name5_0_2_, group1_.status as status6_0_2_, group1_.update_at as update_a7_0_2_, group1_.update_by as update_b8_0_2_ from group_user groupusers0_ inner join _group group1_ on groupusers0_.group_id=group1_.id where groupusers0_.user_id=?
2020-10-04 14:12:38,668 DEBUG o.h.e.j.s.SqlStatementLogger:94 [http-nio-8200-exec-3] select grouppager0_.group_id as group_id3_1_0_, grouppager0_.role_id as role_id1_1_0_, grouppager0_.page_id as page_id2_1_0_, grouppager0_.role_id as role_id1_1_1_, grouppager0_.page_id as page_id2_1_1_, grouppager0_.group_id as group_id3_1_1_, page1_.id as id1_5_2_, page1_.icon as icon2_5_2_, page1_.menu_index as menu_ind3_5_2_, page1_.name as name4_5_2_, page1_.parent_id as parent_i5_5_2_, page1_.url as url6_5_2_, role2_.id as id1_7_3_, role2_.code as code2_7_3_, role2_.name as name3_7_3_, role2_.status as status4_7_3_ from group_page_role grouppager0_ inner join page page1_ on grouppager0_.page_id=page1_.id inner join role role2_ on grouppager0_.role_id=role2_.id where grouppager0_.group_id=?
2020-10-04 14:12:38,685 DEBUG o.s.w.f.CommonsRequestLoggingFilter:47 [http-nio-8200-exec-3] Before request [uri=/api/questions?page=1&size=10]
2020-10-04 14:12:38,688 DEBUG o.h.e.j.s.SqlStatementLogger:94 [http-nio-8200-exec-3] select question0_.id as id1_6_, question0_.create_at as create_a2_6_, question0_.create_by as create_b3_6_, question0_.info as info4_6_, question0_.mile_stone as mile_sto5_6_, question0_.name as name6_6_, question0_.next_id as next_id7_6_, question0_.status as status8_6_, question0_.update_at as update_a9_6_, question0_.update_by as update_10_6_ from question question0_ order by question0_.create_at desc limit ?, ?
2020-10-04 14:12:38,693 DEBUG o.h.e.j.s.SqlStatementLogger:94 [http-nio-8200-exec-3] select count(question0_.id) as col_0_0_ from question question0_
2020-10-04 14:12:38,699 DEBUG o.h.e.j.s.SqlStatementLogger:94 [http-nio-8200-exec-3] select answersbyi0_.id_question as id_quest2_4_0_, answersbyi0_.id as id1_4_0_, answersbyi0_.id as id1_4_1_, answersbyi0_.id_question as id_quest2_4_1_, answersbyi0_.name as name3_4_1_, answersbyi0_.is_true as is_true4_4_1_ from answer answersbyi0_ where answersbyi0_.id_question=?
2020-10-04 14:12:38,701 DEBUG o.h.e.j.s.SqlStatementLogger:94 [http-nio-8200-exec-3] select answersbyi0_.id_question as id_quest2_4_0_, answersbyi0_.id as id1_4_0_, answersbyi0_.id as id1_4_1_, answersbyi0_.id_question as id_quest2_4_1_, answersbyi0_.name as name3_4_1_, answersbyi0_.is_true as is_true4_4_1_ from answer answersbyi0_ where answersbyi0_.id_question=?
2020-10-04 14:12:38,703 DEBUG o.h.e.j.s.SqlStatementLogger:94 [http-nio-8200-exec-3] select answersbyi0_.id_question as id_quest2_4_0_, answersbyi0_.id as id1_4_0_, answersbyi0_.id as id1_4_1_, answersbyi0_.id_question as id_quest2_4_1_, answersbyi0_.name as name3_4_1_, answersbyi0_.is_true as is_true4_4_1_ from answer answersbyi0_ where answersbyi0_.id_question=?
2020-10-04 14:12:38,705 DEBUG o.h.e.j.s.SqlStatementLogger:94 [http-nio-8200-exec-3] select answersbyi0_.id_question as id_quest2_4_0_, answersbyi0_.id as id1_4_0_, answersbyi0_.id as id1_4_1_, answersbyi0_.id_question as id_quest2_4_1_, answersbyi0_.name as name3_4_1_, answersbyi0_.is_true as is_true4_4_1_ from answer answersbyi0_ where answersbyi0_.id_question=?
2020-10-04 14:12:38,707 DEBUG o.h.e.j.s.SqlStatementLogger:94 [http-nio-8200-exec-3] select answersbyi0_.id_question as id_quest2_4_0_, answersbyi0_.id as id1_4_0_, answersbyi0_.id as id1_4_1_, answersbyi0_.id_question as id_quest2_4_1_, answersbyi0_.name as name3_4_1_, answersbyi0_.is_true as is_true4_4_1_ from answer answersbyi0_ where answersbyi0_.id_question=?
2020-10-04 14:12:38,709 DEBUG o.h.e.j.s.SqlStatementLogger:94 [http-nio-8200-exec-3] select answersbyi0_.id_question as id_quest2_4_0_, answersbyi0_.id as id1_4_0_, answersbyi0_.id as id1_4_1_, answersbyi0_.id_question as id_quest2_4_1_, answersbyi0_.name as name3_4_1_, answersbyi0_.is_true as is_true4_4_1_ from answer answersbyi0_ where answersbyi0_.id_question=?
2020-10-04 14:12:38,716 DEBUG o.h.e.j.s.SqlStatementLogger:94 [http-nio-8200-exec-3] select answersbyi0_.id_question as id_quest2_4_0_, answersbyi0_.id as id1_4_0_, answersbyi0_.id as id1_4_1_, answersbyi0_.id_question as id_quest2_4_1_, answersbyi0_.name as name3_4_1_, answersbyi0_.is_true as is_true4_4_1_ from answer answersbyi0_ where answersbyi0_.id_question=?
2020-10-04 14:12:38,718 DEBUG o.h.e.j.s.SqlStatementLogger:94 [http-nio-8200-exec-3] select answersbyi0_.id_question as id_quest2_4_0_, answersbyi0_.id as id1_4_0_, answersbyi0_.id as id1_4_1_, answersbyi0_.id_question as id_quest2_4_1_, answersbyi0_.name as name3_4_1_, answersbyi0_.is_true as is_true4_4_1_ from answer answersbyi0_ where answersbyi0_.id_question=?
2020-10-04 14:12:38,720 DEBUG o.h.e.j.s.SqlStatementLogger:94 [http-nio-8200-exec-3] select answersbyi0_.id_question as id_quest2_4_0_, answersbyi0_.id as id1_4_0_, answersbyi0_.id as id1_4_1_, answersbyi0_.id_question as id_quest2_4_1_, answersbyi0_.name as name3_4_1_, answersbyi0_.is_true as is_true4_4_1_ from answer answersbyi0_ where answersbyi0_.id_question=?
2020-10-04 14:12:38,722 DEBUG o.h.e.j.s.SqlStatementLogger:94 [http-nio-8200-exec-3] select answersbyi0_.id_question as id_quest2_4_0_, answersbyi0_.id as id1_4_0_, answersbyi0_.id as id1_4_1_, answersbyi0_.id_question as id_quest2_4_1_, answersbyi0_.name as name3_4_1_, answersbyi0_.is_true as is_true4_4_1_ from answer answersbyi0_ where answersbyi0_.id_question=?
2020-10-04 14:12:38,728 DEBUG o.s.w.f.CommonsRequestLoggingFilter:55 [http-nio-8200-exec-3] ==> New request: uri=/api/questions?page=1&size=10]
2020-10-04 14:13:02,065 DEBUG o.h.e.j.s.SqlStatementLogger:94 [http-nio-8200-exec-4] select user0_.id as id1_8_0_, user0_.create_at as create_a2_8_0_, user0_.create_by as create_b3_8_0_, user0_.email as email4_8_0_, user0_.is_admin as is_admin5_8_0_, user0_.name as name6_8_0_, user0_.password as password7_8_0_, user0_.update_at as update_a8_8_0_, user0_.update_by as update_b9_8_0_, user0_.username as usernam10_8_0_ from user user0_ where user0_.id=?
2020-10-04 14:13:02,069 DEBUG o.h.e.j.s.SqlStatementLogger:94 [http-nio-8200-exec-4] select groupusers0_.user_id as user_id1_2_0_, groupusers0_.group_id as group_id2_2_0_, groupusers0_.user_id as user_id1_2_1_, groupusers0_.group_id as group_id2_2_1_, groupusers0_.create_at as create_a3_2_1_, groupusers0_.create_by as create_b4_2_1_, group1_.id as id1_0_2_, group1_.create_at as create_a2_0_2_, group1_.create_by as create_b3_0_2_, group1_.description as descript4_0_2_, group1_.name as name5_0_2_, group1_.status as status6_0_2_, group1_.update_at as update_a7_0_2_, group1_.update_by as update_b8_0_2_ from group_user groupusers0_ inner join _group group1_ on groupusers0_.group_id=group1_.id where groupusers0_.user_id=?
2020-10-04 14:13:02,077 DEBUG o.h.e.j.s.SqlStatementLogger:94 [http-nio-8200-exec-4] select grouppager0_.group_id as group_id3_1_0_, grouppager0_.role_id as role_id1_1_0_, grouppager0_.page_id as page_id2_1_0_, grouppager0_.role_id as role_id1_1_1_, grouppager0_.page_id as page_id2_1_1_, grouppager0_.group_id as group_id3_1_1_, page1_.id as id1_5_2_, page1_.icon as icon2_5_2_, page1_.menu_index as menu_ind3_5_2_, page1_.name as name4_5_2_, page1_.parent_id as parent_i5_5_2_, page1_.url as url6_5_2_, role2_.id as id1_7_3_, role2_.code as code2_7_3_, role2_.name as name3_7_3_, role2_.status as status4_7_3_ from group_page_role grouppager0_ inner join page page1_ on grouppager0_.page_id=page1_.id inner join role role2_ on grouppager0_.role_id=role2_.id where grouppager0_.group_id=?
2020-10-04 14:13:02,093 DEBUG o.s.w.f.CommonsRequestLoggingFilter:47 [http-nio-8200-exec-4] Before request [uri=/api/questions?page=2&size=10]
2020-10-04 14:13:02,098 DEBUG o.h.e.j.s.SqlStatementLogger:94 [http-nio-8200-exec-4] select question0_.id as id1_6_, question0_.create_at as create_a2_6_, question0_.create_by as create_b3_6_, question0_.info as info4_6_, question0_.mile_stone as mile_sto5_6_, question0_.name as name6_6_, question0_.next_id as next_id7_6_, question0_.status as status8_6_, question0_.update_at as update_a9_6_, question0_.update_by as update_10_6_ from question question0_ order by question0_.create_at desc limit ?, ?
2020-10-04 14:13:02,103 DEBUG o.h.e.j.s.SqlStatementLogger:94 [http-nio-8200-exec-4] select answersbyi0_.id_question as id_quest2_4_0_, answersbyi0_.id as id1_4_0_, answersbyi0_.id as id1_4_1_, answersbyi0_.id_question as id_quest2_4_1_, answersbyi0_.name as name3_4_1_, answersbyi0_.is_true as is_true4_4_1_ from answer answersbyi0_ where answersbyi0_.id_question=?
2020-10-04 14:13:02,108 DEBUG o.s.w.f.CommonsRequestLoggingFilter:55 [http-nio-8200-exec-4] ==> New request: uri=/api/questions?page=2&size=10]
2020-10-04 14:25:58,808 WARN c.z.h.p.HikariPool$HouseKeeper:766 [HikariPool-1 housekeeper] HikariPool-1 - Thread starvation or clock leap detected (housekeeper delta=3m1s907ms65s200ns).
